<?xml version="1.0" encoding="UTF-8"?>
<testsuite xmlns:xsi="http://www.w3.org/2001/XMLSchema-instance" xsi:noNamespaceSchemaLocation="https://maven.apache.org/surefire/maven-surefire-plugin/xsd/surefire-test-report-3.0.xsd" version="3.0" name="edu.upc.arqsoft.marker.TestSuite" time="0.666" tests="19" errors="0" skipped="0" failures="15">
  <properties>
    <property name="java.specification.version" value="21"/>
    <property name="sun.cpu.isalist" value="amd64"/>
    <property name="sun.jnu.encoding" value="Cp1252"/>
    <property name="java.class.path" value="D:\Java Fiverr\Java Task 22\spreadsheetMarkerForStudents (3)\spreadsheetMarkerForStudents\target\test-classes;D:\Java Fiverr\Java Task 22\spreadsheetMarkerForStudents (3)\spreadsheetMarkerForStudents\target\classes;C:\Users\talha\.m2\repository\edu\upc\ac\BaseCorrectorDAC\2022_2023on\BaseCorrectorDAC-2022_2023on.jar;C:\Users\talha\.m2\repository\junit\junit\4.12\junit-4.12.jar;C:\Users\talha\.m2\repository\org\hamcrest\hamcrest-core\1.3\hamcrest-core-1.3.jar;C:\Users\talha\.m2\repository\org\mockito\mockito-core\2.28.2\mockito-core-2.28.2.jar;C:\Users\talha\.m2\repository\net\bytebuddy\byte-buddy\1.9.10\byte-buddy-1.9.10.jar;C:\Users\talha\.m2\repository\net\bytebuddy\byte-buddy-agent\1.9.10\byte-buddy-agent-1.9.10.jar;C:\Users\talha\.m2\repository\org\objenesis\objenesis\2.6\objenesis-2.6.jar;"/>
    <property name="java.vm.vendor" value="Oracle Corporation"/>
    <property name="sun.arch.data.model" value="64"/>
    <property name="user.variant" value=""/>
    <property name="java.vendor.url" value="https://java.oracle.com/"/>
    <property name="user.timezone" value="Asia/Karachi"/>
    <property name="os.name" value="Windows 10"/>
    <property name="java.vm.specification.version" value="21"/>
    <property name="user.country" value="IN"/>
    <property name="sun.java.launcher" value="SUN_STANDARD"/>
    <property name="sun.boot.library.path" value="C:\Program Files\Java\jdk-21\bin"/>
    <property name="sun.java.command" value="C:\Users\talha\AppData\Local\Temp\surefire8193307777630391951\surefirebooter-20240622204629442_3.jar C:\Users\talha\AppData\Local\Temp\surefire8193307777630391951 2024-06-22T20-46-27_666-jvmRun1 surefire-20240622204629442_1tmp surefire_0-20240622204629442_2tmp"/>
    <property name="jdk.debug" value="release"/>
    <property name="surefire.test.class.path" value="D:\Java Fiverr\Java Task 22\spreadsheetMarkerForStudents (3)\spreadsheetMarkerForStudents\target\test-classes;D:\Java Fiverr\Java Task 22\spreadsheetMarkerForStudents (3)\spreadsheetMarkerForStudents\target\classes;C:\Users\talha\.m2\repository\edu\upc\ac\BaseCorrectorDAC\2022_2023on\BaseCorrectorDAC-2022_2023on.jar;C:\Users\talha\.m2\repository\junit\junit\4.12\junit-4.12.jar;C:\Users\talha\.m2\repository\org\hamcrest\hamcrest-core\1.3\hamcrest-core-1.3.jar;C:\Users\talha\.m2\repository\org\mockito\mockito-core\2.28.2\mockito-core-2.28.2.jar;C:\Users\talha\.m2\repository\net\bytebuddy\byte-buddy\1.9.10\byte-buddy-1.9.10.jar;C:\Users\talha\.m2\repository\net\bytebuddy\byte-buddy-agent\1.9.10\byte-buddy-agent-1.9.10.jar;C:\Users\talha\.m2\repository\org\objenesis\objenesis\2.6\objenesis-2.6.jar;"/>
    <property name="sun.cpu.endian" value="little"/>
    <property name="user.home" value="C:\Users\talha"/>
    <property name="user.language" value="en"/>
    <property name="java.specification.vendor" value="Oracle Corporation"/>
    <property name="java.version.date" value="2024-01-16"/>
    <property name="java.home" value="C:\Program Files\Java\jdk-21"/>
    <property name="file.separator" value="\"/>
    <property name="basedir" value="D:\Java Fiverr\Java Task 22\spreadsheetMarkerForStudents (3)\spreadsheetMarkerForStudents"/>
    <property name="java.vm.compressedOopsMode" value="32-bit"/>
    <property name="line.separator" value="&#10;"/>
    <property name="java.vm.specification.vendor" value="Oracle Corporation"/>
    <property name="java.specification.name" value="Java Platform API Specification"/>
    <property name="surefire.real.class.path" value="C:\Users\talha\AppData\Local\Temp\surefire8193307777630391951\surefirebooter-20240622204629442_3.jar"/>
    <property name="user.script" value=""/>
    <property name="sun.management.compiler" value="HotSpot 64-Bit Tiered Compilers"/>
    <property name="java.runtime.version" value="21.0.2+13-LTS-58"/>
    <property name="user.name" value="talha"/>
    <property name="stdout.encoding" value="Cp1252"/>
    <property name="path.separator" value=";"/>
    <property name="os.version" value="10.0"/>
    <property name="java.runtime.name" value="Java(TM) SE Runtime Environment"/>
    <property name="file.encoding" value="UTF-8"/>
    <property name="java.vm.name" value="Java HotSpot(TM) 64-Bit Server VM"/>
    <property name="maven.ext.class.path" value="C:\Program Files\NetBeans-21\netbeans\java\maven-nblib\netbeans-eventspy.jar"/>
    <property name="localRepository" value="C:\Users\talha\.m2\repository"/>
    <property name="java.vendor.url.bug" value="https://bugreport.java.com/bugreport/"/>
    <property name="java.io.tmpdir" value="C:\Users\talha\AppData\Local\Temp\"/>
    <property name="java.version" value="21.0.2"/>
    <property name="user.dir" value="D:\Java Fiverr\Java Task 22\spreadsheetMarkerForStudents (3)\spreadsheetMarkerForStudents"/>
    <property name="os.arch" value="amd64"/>
    <property name="java.vm.specification.name" value="Java Virtual Machine Specification"/>
    <property name="sun.os.patch.level" value=""/>
    <property name="native.encoding" value="Cp1252"/>
    <property name="java.library.path" value="C:\Program Files\Java\jdk-21\bin;C:\Windows\Sun\Java\bin;C:\Windows\system32;C:\Windows;C:\Program Files\Common Files\Oracle\Java\javapath;C:\Program Files\Zulu\zulu-17\bin\;C:\Program Files (x86)\VMware\VMware Workstation\bin\;C:\Windows\system32;C:\Windows;C:\Windows\System32\Wbem;C:\Windows\System32\WindowsPowerShell\v1.0\;C:\Windows\System32\OpenSSH\;C:\Program Files\Git\cmd;C:\Users\talha\AppData\Local\Programs\Python\Python311;C:\MinGW\bin;C:\Program Files\Microsoft SQL Server\150\Tools\Binn\;C:\Program Files\Microsoft SQL Server\Client SDK\ODBC\170\Tools\Binn\;C:\Users\talha\AppData\Local\Programs\Python\Python311;C:\Program Files\Cloudflare\Cloudflare WARP\;C:\Program Files\Docker\Docker\resources\bin;C:\Program Files\nodejs\;C:\Program Files\dotnet\;C:\Program Files (x86)\Windows Kits\10\Windows Performance Toolkit\;C:\Program Files\MySQL\MySQL Shell 8.2\bin\;C:\Users\talha\AppData\Local\Microsoft\WindowsApps;C:\Users\talha\AppData\Local\Programs\Microsoft VS Code\bin;C:\Users\talha\AppData\Local\Programs\Python\Python38;C:\MinGW\bin;C:\Program Files\JetBrains\PyCharm 2023.3.3\bin;;C:\Users\talha\AppData\Roaming\npm;C:\Users\talha\.dotnet\tools;;C:\Program Files\JetBrains\IntelliJ IDEA Community Edition 2024.1.3\bin;;."/>
    <property name="java.vm.info" value="mixed mode, sharing"/>
    <property name="stderr.encoding" value="Cp1252"/>
    <property name="java.vendor" value="Oracle Corporation"/>
    <property name="java.vm.version" value="21.0.2+13-LTS-58"/>
    <property name="sun.io.unicode.encoding" value="UnicodeLittle"/>
    <property name="java.class.version" value="65.0"/>
  </properties>
  <testcase name="testSetCellContent_TextContent" classname="edu.upc.etsetb.arqsoft.spreadsheet.marker.TextContentTest" time="0.012">
    <system-out><![CDATA[
SpreadsheetControllerForChecker::testSetCellContent() with text content. Value: 10.0
		Puntos obtenidos: 10.0. Puntos acumulados: 10.0
]]></system-out>
  </testcase>
  <testcase name="testSetCellContent_NumberContent" classname="edu.upc.etsetb.arqsoft.spreadsheet.marker.NumberContentTest" time="0.001">
    <system-out><![CDATA[
SpreadsheetControllerForChecker::testSetCellContent() with numerical content. Value: 10.0
		Puntos obtenidos: 10.0. Puntos acumulados: 10.0
]]></system-out>
  </testcase>
  <testcase name="test_01_SetCellContent_FormulaOnlyNumbers" classname="edu.upc.etsetb.arqsoft.spreadsheet.marker.FormulaContentTest" time="0.029">
    <failure message="The cell should contain the number: 2 with a margin of 0.00001. Instead, it contains the value NaN; expected:&lt;2.0&gt; but was:&lt;NaN&gt;" type="java.lang.AssertionError"><![CDATA[java.lang.AssertionError: The cell should contain the number: 2 with a margin of 0.00001. Instead, it contains the value NaN; expected:<2.0> but was:<NaN>
	at edu.upc.ac.corrector.SuperClassForTests.sAssertEquals(SuperClassForTests.java:186)
	at edu.upc.etsetb.arqsoft.spreadsheet.marker.FormulaContentTest.test_01_SetCellContent_FormulaOnlyNumbers(FormulaContentTest.java:152)
	at java.base/jdk.internal.reflect.DirectMethodHandleAccessor.invoke(DirectMethodHandleAccessor.java:103)
	at java.base/java.lang.reflect.Method.invoke(Method.java:580)
	at org.junit.runners.model.FrameworkMethod$1.runReflectiveCall(FrameworkMethod.java:50)
	at org.junit.internal.runners.model.ReflectiveCallable.run(ReflectiveCallable.java:12)
	at org.junit.runners.model.FrameworkMethod.invokeExplosively(FrameworkMethod.java:47)
	at org.junit.internal.runners.statements.InvokeMethod.evaluate(InvokeMethod.java:17)
	at org.junit.runners.ParentRunner.runLeaf(ParentRunner.java:325)
	at org.junit.runners.BlockJUnit4ClassRunner.runChild(BlockJUnit4ClassRunner.java:78)
	at org.junit.runners.BlockJUnit4ClassRunner.runChild(BlockJUnit4ClassRunner.java:57)
	at org.junit.runners.ParentRunner$3.run(ParentRunner.java:290)
	at org.junit.runners.ParentRunner$1.schedule(ParentRunner.java:71)
	at org.junit.runners.ParentRunner.runChildren(ParentRunner.java:288)
	at org.junit.runners.ParentRunner.access$000(ParentRunner.java:58)
	at org.junit.runners.ParentRunner$2.evaluate(ParentRunner.java:268)
	at org.junit.internal.runners.statements.RunBefores.evaluate(RunBefores.java:26)
	at org.junit.internal.runners.statements.RunAfters.evaluate(RunAfters.java:27)
	at org.junit.runners.ParentRunner.run(ParentRunner.java:363)
	at org.junit.runners.Suite.runChild(Suite.java:128)
	at org.junit.runners.Suite.runChild(Suite.java:27)
	at org.junit.runners.ParentRunner$3.run(ParentRunner.java:290)
	at org.junit.runners.ParentRunner$1.schedule(ParentRunner.java:71)
	at org.junit.runners.ParentRunner.runChildren(ParentRunner.java:288)
	at org.junit.runners.ParentRunner.access$000(ParentRunner.java:58)
	at org.junit.runners.ParentRunner$2.evaluate(ParentRunner.java:268)
	at org.junit.runners.ParentRunner.run(ParentRunner.java:363)
	at org.apache.maven.surefire.junit4.JUnit4Provider.execute(JUnit4Provider.java:316)
	at org.apache.maven.surefire.junit4.JUnit4Provider.executeWithRerun(JUnit4Provider.java:240)
	at org.apache.maven.surefire.junit4.JUnit4Provider.executeTestSet(JUnit4Provider.java:214)
	at org.apache.maven.surefire.junit4.JUnit4Provider.invoke(JUnit4Provider.java:155)
	at org.apache.maven.surefire.booter.ForkedBooter.runSuitesInProcess(ForkedBooter.java:385)
	at org.apache.maven.surefire.booter.ForkedBooter.execute(ForkedBooter.java:162)
	at org.apache.maven.surefire.booter.ForkedBooter.run(ForkedBooter.java:507)
	at org.apache.maven.surefire.booter.ForkedBooter.main(ForkedBooter.java:495)
]]></failure>
    <system-out><![CDATA[
Setting a formula with only numbers as operands in a cell. Total value (over 10): 0.465116279069767

	Case 1: a sum of two numbers. Value: 0.11627906976744175
		The cell should contain the number: 3 -result of formula =1+2- with a margin of 0.00001. Instead, it contains the value NaN; expected:<3.0> but was:<NaN>

	Case 2: a substraction of two numbers. Value: 0.11627906976744175
		The cell should contain the number: -2 with a margin of 0.00001. Instead, it contains the value NaN; expected:<-2.0> but was:<NaN>

	Case 3: a multiplication of two numbers. Value: 0.11627906976744175
		The cell should contain the number: 6 with a margin of 0.00001. Instead, it contains the value NaN; expected:<6.0> but was:<NaN>

	Case 4: a division of two numbers. Value: 0.11627906976744175
		The cell should contain the number: 2 with a margin of 0.00001. Instead, it contains the value NaN; expected:<2.0> but was:<NaN>
		Puntos obtenidos: 0.0. Puntos acumulados: 0.0
]]></system-out>
  </testcase>
  <testcase name="test_02_SetCellContent_FormulaNumbersAndOneLevelOfParenthesis" classname="edu.upc.etsetb.arqsoft.spreadsheet.marker.FormulaContentTest" time="0.01">
    <failure message="The cell should contain the number 2 -result of formula 10/(2+3)- with a margin of 0.00001. Instead, it contains the value NaN; expected:&lt;2.0&gt; but was:&lt;NaN&gt;" type="java.lang.AssertionError"><![CDATA[java.lang.AssertionError: The cell should contain the number 2 -result of formula 10/(2+3)- with a margin of 0.00001. Instead, it contains the value NaN; expected:<2.0> but was:<NaN>
	at edu.upc.ac.corrector.SuperClassForTests.sAssertEquals(SuperClassForTests.java:186)
	at edu.upc.etsetb.arqsoft.spreadsheet.marker.FormulaContentTest.test_02_SetCellContent_FormulaNumbersAndOneLevelOfParenthesis(FormulaContentTest.java:188)
	at java.base/jdk.internal.reflect.DirectMethodHandleAccessor.invoke(DirectMethodHandleAccessor.java:103)
	at java.base/java.lang.reflect.Method.invoke(Method.java:580)
	at org.junit.runners.model.FrameworkMethod$1.runReflectiveCall(FrameworkMethod.java:50)
	at org.junit.internal.runners.model.ReflectiveCallable.run(ReflectiveCallable.java:12)
	at org.junit.runners.model.FrameworkMethod.invokeExplosively(FrameworkMethod.java:47)
	at org.junit.internal.runners.statements.InvokeMethod.evaluate(InvokeMethod.java:17)
	at org.junit.runners.ParentRunner.runLeaf(ParentRunner.java:325)
	at org.junit.runners.BlockJUnit4ClassRunner.runChild(BlockJUnit4ClassRunner.java:78)
	at org.junit.runners.BlockJUnit4ClassRunner.runChild(BlockJUnit4ClassRunner.java:57)
	at org.junit.runners.ParentRunner$3.run(ParentRunner.java:290)
	at org.junit.runners.ParentRunner$1.schedule(ParentRunner.java:71)
	at org.junit.runners.ParentRunner.runChildren(ParentRunner.java:288)
	at org.junit.runners.ParentRunner.access$000(ParentRunner.java:58)
	at org.junit.runners.ParentRunner$2.evaluate(ParentRunner.java:268)
	at org.junit.internal.runners.statements.RunBefores.evaluate(RunBefores.java:26)
	at org.junit.internal.runners.statements.RunAfters.evaluate(RunAfters.java:27)
	at org.junit.runners.ParentRunner.run(ParentRunner.java:363)
	at org.junit.runners.Suite.runChild(Suite.java:128)
	at org.junit.runners.Suite.runChild(Suite.java:27)
	at org.junit.runners.ParentRunner$3.run(ParentRunner.java:290)
	at org.junit.runners.ParentRunner$1.schedule(ParentRunner.java:71)
	at org.junit.runners.ParentRunner.runChildren(ParentRunner.java:288)
	at org.junit.runners.ParentRunner.access$000(ParentRunner.java:58)
	at org.junit.runners.ParentRunner$2.evaluate(ParentRunner.java:268)
	at org.junit.runners.ParentRunner.run(ParentRunner.java:363)
	at org.apache.maven.surefire.junit4.JUnit4Provider.execute(JUnit4Provider.java:316)
	at org.apache.maven.surefire.junit4.JUnit4Provider.executeWithRerun(JUnit4Provider.java:240)
	at org.apache.maven.surefire.junit4.JUnit4Provider.executeTestSet(JUnit4Provider.java:214)
	at org.apache.maven.surefire.junit4.JUnit4Provider.invoke(JUnit4Provider.java:155)
	at org.apache.maven.surefire.booter.ForkedBooter.runSuitesInProcess(ForkedBooter.java:385)
	at org.apache.maven.surefire.booter.ForkedBooter.execute(ForkedBooter.java:162)
	at org.apache.maven.surefire.booter.ForkedBooter.run(ForkedBooter.java:507)
	at org.apache.maven.surefire.booter.ForkedBooter.main(ForkedBooter.java:495)
]]></failure>
    <system-out><![CDATA[
Setting a formula with only numbers and one level of parenthesis in a cell
		The cell should contain the number 2 -result of formula 10/(2+3)- with a margin of 0.00001. Instead, it contains the value NaN; expected:<2.0> but was:<NaN>
		Puntos obtenidos: 0.0. Puntos acumulados: 0.0
]]></system-out>
  </testcase>
  <testcase name="test_03_SetCellContent_FormulaNumbersAndTwoLevelsOfParenthesis" classname="edu.upc.etsetb.arqsoft.spreadsheet.marker.FormulaContentTest" time="0.002">
    <failure message="The cell should contain the number 10 -result of formula 100/(5+(25/5))- with a margin of 0.00001. Instead, it contains the value NaN; expected:&lt;10.0&gt; but was:&lt;NaN&gt;" type="java.lang.AssertionError"><![CDATA[java.lang.AssertionError: The cell should contain the number 10 -result of formula 100/(5+(25/5))- with a margin of 0.00001. Instead, it contains the value NaN; expected:<10.0> but was:<NaN>
	at edu.upc.ac.corrector.SuperClassForTests.sAssertEquals(SuperClassForTests.java:186)
	at edu.upc.etsetb.arqsoft.spreadsheet.marker.FormulaContentTest.test_03_SetCellContent_FormulaNumbersAndTwoLevelsOfParenthesis(FormulaContentTest.java:223)
	at java.base/jdk.internal.reflect.DirectMethodHandleAccessor.invoke(DirectMethodHandleAccessor.java:103)
	at java.base/java.lang.reflect.Method.invoke(Method.java:580)
	at org.junit.runners.model.FrameworkMethod$1.runReflectiveCall(FrameworkMethod.java:50)
	at org.junit.internal.runners.model.ReflectiveCallable.run(ReflectiveCallable.java:12)
	at org.junit.runners.model.FrameworkMethod.invokeExplosively(FrameworkMethod.java:47)
	at org.junit.internal.runners.statements.InvokeMethod.evaluate(InvokeMethod.java:17)
	at org.junit.runners.ParentRunner.runLeaf(ParentRunner.java:325)
	at org.junit.runners.BlockJUnit4ClassRunner.runChild(BlockJUnit4ClassRunner.java:78)
	at org.junit.runners.BlockJUnit4ClassRunner.runChild(BlockJUnit4ClassRunner.java:57)
	at org.junit.runners.ParentRunner$3.run(ParentRunner.java:290)
	at org.junit.runners.ParentRunner$1.schedule(ParentRunner.java:71)
	at org.junit.runners.ParentRunner.runChildren(ParentRunner.java:288)
	at org.junit.runners.ParentRunner.access$000(ParentRunner.java:58)
	at org.junit.runners.ParentRunner$2.evaluate(ParentRunner.java:268)
	at org.junit.internal.runners.statements.RunBefores.evaluate(RunBefores.java:26)
	at org.junit.internal.runners.statements.RunAfters.evaluate(RunAfters.java:27)
	at org.junit.runners.ParentRunner.run(ParentRunner.java:363)
	at org.junit.runners.Suite.runChild(Suite.java:128)
	at org.junit.runners.Suite.runChild(Suite.java:27)
	at org.junit.runners.ParentRunner$3.run(ParentRunner.java:290)
	at org.junit.runners.ParentRunner$1.schedule(ParentRunner.java:71)
	at org.junit.runners.ParentRunner.runChildren(ParentRunner.java:288)
	at org.junit.runners.ParentRunner.access$000(ParentRunner.java:58)
	at org.junit.runners.ParentRunner$2.evaluate(ParentRunner.java:268)
	at org.junit.runners.ParentRunner.run(ParentRunner.java:363)
	at org.apache.maven.surefire.junit4.JUnit4Provider.execute(JUnit4Provider.java:316)
	at org.apache.maven.surefire.junit4.JUnit4Provider.executeWithRerun(JUnit4Provider.java:240)
	at org.apache.maven.surefire.junit4.JUnit4Provider.executeTestSet(JUnit4Provider.java:214)
	at org.apache.maven.surefire.junit4.JUnit4Provider.invoke(JUnit4Provider.java:155)
	at org.apache.maven.surefire.booter.ForkedBooter.runSuitesInProcess(ForkedBooter.java:385)
	at org.apache.maven.surefire.booter.ForkedBooter.execute(ForkedBooter.java:162)
	at org.apache.maven.surefire.booter.ForkedBooter.run(ForkedBooter.java:507)
	at org.apache.maven.surefire.booter.ForkedBooter.main(ForkedBooter.java:495)
]]></failure>
    <system-out><![CDATA[
Setting a formula with only numbers and two levels of parenthesis in a cell
		The cell should contain the number 10 -result of formula 100/(5+(25/5))- with a margin of 0.00001. Instead, it contains the value NaN; expected:<10.0> but was:<NaN>
		Puntos obtenidos: 0.0. Puntos acumulados: 0.0
]]></system-out>
  </testcase>
  <testcase name="test_04_SetCellContent_FormulaNumbersCellsRefs" classname="edu.upc.etsetb.arqsoft.spreadsheet.marker.FormulaContentTest" time="0.005">
    <failure message="The cell should contain the number 5 -result of formula A1*10-5 - with a margin of 0.00001. Instead, it contains the value NaN; expected:&lt;5.0&gt; but was:&lt;NaN&gt;" type="java.lang.AssertionError"><![CDATA[java.lang.AssertionError: The cell should contain the number 5 -result of formula A1*10-5 - with a margin of 0.00001. Instead, it contains the value NaN; expected:<5.0> but was:<NaN>
	at edu.upc.ac.corrector.SuperClassForTests.sAssertEquals(SuperClassForTests.java:186)
	at edu.upc.etsetb.arqsoft.spreadsheet.marker.FormulaContentTest.test_04_SetCellContent_FormulaNumbersCellsRefs(FormulaContentTest.java:258)
	at java.base/jdk.internal.reflect.DirectMethodHandleAccessor.invoke(DirectMethodHandleAccessor.java:103)
	at java.base/java.lang.reflect.Method.invoke(Method.java:580)
	at org.junit.runners.model.FrameworkMethod$1.runReflectiveCall(FrameworkMethod.java:50)
	at org.junit.internal.runners.model.ReflectiveCallable.run(ReflectiveCallable.java:12)
	at org.junit.runners.model.FrameworkMethod.invokeExplosively(FrameworkMethod.java:47)
	at org.junit.internal.runners.statements.InvokeMethod.evaluate(InvokeMethod.java:17)
	at org.junit.runners.ParentRunner.runLeaf(ParentRunner.java:325)
	at org.junit.runners.BlockJUnit4ClassRunner.runChild(BlockJUnit4ClassRunner.java:78)
	at org.junit.runners.BlockJUnit4ClassRunner.runChild(BlockJUnit4ClassRunner.java:57)
	at org.junit.runners.ParentRunner$3.run(ParentRunner.java:290)
	at org.junit.runners.ParentRunner$1.schedule(ParentRunner.java:71)
	at org.junit.runners.ParentRunner.runChildren(ParentRunner.java:288)
	at org.junit.runners.ParentRunner.access$000(ParentRunner.java:58)
	at org.junit.runners.ParentRunner$2.evaluate(ParentRunner.java:268)
	at org.junit.internal.runners.statements.RunBefores.evaluate(RunBefores.java:26)
	at org.junit.internal.runners.statements.RunAfters.evaluate(RunAfters.java:27)
	at org.junit.runners.ParentRunner.run(ParentRunner.java:363)
	at org.junit.runners.Suite.runChild(Suite.java:128)
	at org.junit.runners.Suite.runChild(Suite.java:27)
	at org.junit.runners.ParentRunner$3.run(ParentRunner.java:290)
	at org.junit.runners.ParentRunner$1.schedule(ParentRunner.java:71)
	at org.junit.runners.ParentRunner.runChildren(ParentRunner.java:288)
	at org.junit.runners.ParentRunner.access$000(ParentRunner.java:58)
	at org.junit.runners.ParentRunner$2.evaluate(ParentRunner.java:268)
	at org.junit.runners.ParentRunner.run(ParentRunner.java:363)
	at org.apache.maven.surefire.junit4.JUnit4Provider.execute(JUnit4Provider.java:316)
	at org.apache.maven.surefire.junit4.JUnit4Provider.executeWithRerun(JUnit4Provider.java:240)
	at org.apache.maven.surefire.junit4.JUnit4Provider.executeTestSet(JUnit4Provider.java:214)
	at org.apache.maven.surefire.junit4.JUnit4Provider.invoke(JUnit4Provider.java:155)
	at org.apache.maven.surefire.booter.ForkedBooter.runSuitesInProcess(ForkedBooter.java:385)
	at org.apache.maven.surefire.booter.ForkedBooter.execute(ForkedBooter.java:162)
	at org.apache.maven.surefire.booter.ForkedBooter.run(ForkedBooter.java:507)
	at org.apache.maven.surefire.booter.ForkedBooter.main(ForkedBooter.java:495)
]]></failure>
    <system-out><![CDATA[
Setting a formula with numbers and references to cells as operands
		The cell should contain the number 5 -result of formula A1*10-5 - with a margin of 0.00001. Instead, it contains the value NaN; expected:<5.0> but was:<NaN>
		Puntos obtenidos: 0.0. Puntos acumulados: 0.0
]]></system-out>
  </testcase>
  <testcase name="test_05_SetCellContent_FormulaNumbersCellsRefsOneLevelParenthesis" classname="edu.upc.etsetb.arqsoft.spreadsheet.marker.FormulaContentTest" time="0.002">
    <failure message="The cell should contain the number 5 -result of formula =(A5*4)/(A2+A2)- with a margin of 0.00001. Instead, it contains the value NaN; expected:&lt;5.0&gt; but was:&lt;NaN&gt;" type="java.lang.AssertionError"><![CDATA[java.lang.AssertionError: The cell should contain the number 5 -result of formula =(A5*4)/(A2+A2)- with a margin of 0.00001. Instead, it contains the value NaN; expected:<5.0> but was:<NaN>
	at edu.upc.ac.corrector.SuperClassForTests.sAssertEquals(SuperClassForTests.java:186)
	at edu.upc.etsetb.arqsoft.spreadsheet.marker.FormulaContentTest.test_05_SetCellContent_FormulaNumbersCellsRefsOneLevelParenthesis(FormulaContentTest.java:293)
	at java.base/jdk.internal.reflect.DirectMethodHandleAccessor.invoke(DirectMethodHandleAccessor.java:103)
	at java.base/java.lang.reflect.Method.invoke(Method.java:580)
	at org.junit.runners.model.FrameworkMethod$1.runReflectiveCall(FrameworkMethod.java:50)
	at org.junit.internal.runners.model.ReflectiveCallable.run(ReflectiveCallable.java:12)
	at org.junit.runners.model.FrameworkMethod.invokeExplosively(FrameworkMethod.java:47)
	at org.junit.internal.runners.statements.InvokeMethod.evaluate(InvokeMethod.java:17)
	at org.junit.runners.ParentRunner.runLeaf(ParentRunner.java:325)
	at org.junit.runners.BlockJUnit4ClassRunner.runChild(BlockJUnit4ClassRunner.java:78)
	at org.junit.runners.BlockJUnit4ClassRunner.runChild(BlockJUnit4ClassRunner.java:57)
	at org.junit.runners.ParentRunner$3.run(ParentRunner.java:290)
	at org.junit.runners.ParentRunner$1.schedule(ParentRunner.java:71)
	at org.junit.runners.ParentRunner.runChildren(ParentRunner.java:288)
	at org.junit.runners.ParentRunner.access$000(ParentRunner.java:58)
	at org.junit.runners.ParentRunner$2.evaluate(ParentRunner.java:268)
	at org.junit.internal.runners.statements.RunBefores.evaluate(RunBefores.java:26)
	at org.junit.internal.runners.statements.RunAfters.evaluate(RunAfters.java:27)
	at org.junit.runners.ParentRunner.run(ParentRunner.java:363)
	at org.junit.runners.Suite.runChild(Suite.java:128)
	at org.junit.runners.Suite.runChild(Suite.java:27)
	at org.junit.runners.ParentRunner$3.run(ParentRunner.java:290)
	at org.junit.runners.ParentRunner$1.schedule(ParentRunner.java:71)
	at org.junit.runners.ParentRunner.runChildren(ParentRunner.java:288)
	at org.junit.runners.ParentRunner.access$000(ParentRunner.java:58)
	at org.junit.runners.ParentRunner$2.evaluate(ParentRunner.java:268)
	at org.junit.runners.ParentRunner.run(ParentRunner.java:363)
	at org.apache.maven.surefire.junit4.JUnit4Provider.execute(JUnit4Provider.java:316)
	at org.apache.maven.surefire.junit4.JUnit4Provider.executeWithRerun(JUnit4Provider.java:240)
	at org.apache.maven.surefire.junit4.JUnit4Provider.executeTestSet(JUnit4Provider.java:214)
	at org.apache.maven.surefire.junit4.JUnit4Provider.invoke(JUnit4Provider.java:155)
	at org.apache.maven.surefire.booter.ForkedBooter.runSuitesInProcess(ForkedBooter.java:385)
	at org.apache.maven.surefire.booter.ForkedBooter.execute(ForkedBooter.java:162)
	at org.apache.maven.surefire.booter.ForkedBooter.run(ForkedBooter.java:507)
	at org.apache.maven.surefire.booter.ForkedBooter.main(ForkedBooter.java:495)
]]></failure>
    <system-out><![CDATA[
Setting a formula with numbers, references to cells, and one level of parenthesis
		The cell should contain the number 5 -result of formula =(A5*4)/(A2+A2)- with a margin of 0.00001. Instead, it contains the value NaN; expected:<5.0> but was:<NaN>
		Puntos obtenidos: 0.0. Puntos acumulados: 0.0
]]></system-out>
  </testcase>
  <testcase name="test_06_SetCellContent_FormulaNumbersCellsRefsTwoLevelsParenthesis" classname="edu.upc.etsetb.arqsoft.spreadsheet.marker.FormulaContentTest" time="0.004">
    <failure message="The cell should contain the number 10 -result of formula =100/(A5+(A5*A5/5))- with a margin of 0.00001. Instead, it contains the value NaN; expected:&lt;10.0&gt; but was:&lt;NaN&gt;" type="java.lang.AssertionError"><![CDATA[java.lang.AssertionError: The cell should contain the number 10 -result of formula =100/(A5+(A5*A5/5))- with a margin of 0.00001. Instead, it contains the value NaN; expected:<10.0> but was:<NaN>
	at edu.upc.ac.corrector.SuperClassForTests.sAssertEquals(SuperClassForTests.java:186)
	at edu.upc.etsetb.arqsoft.spreadsheet.marker.FormulaContentTest.test_06_SetCellContent_FormulaNumbersCellsRefsTwoLevelsParenthesis(FormulaContentTest.java:328)
	at java.base/jdk.internal.reflect.DirectMethodHandleAccessor.invoke(DirectMethodHandleAccessor.java:103)
	at java.base/java.lang.reflect.Method.invoke(Method.java:580)
	at org.junit.runners.model.FrameworkMethod$1.runReflectiveCall(FrameworkMethod.java:50)
	at org.junit.internal.runners.model.ReflectiveCallable.run(ReflectiveCallable.java:12)
	at org.junit.runners.model.FrameworkMethod.invokeExplosively(FrameworkMethod.java:47)
	at org.junit.internal.runners.statements.InvokeMethod.evaluate(InvokeMethod.java:17)
	at org.junit.runners.ParentRunner.runLeaf(ParentRunner.java:325)
	at org.junit.runners.BlockJUnit4ClassRunner.runChild(BlockJUnit4ClassRunner.java:78)
	at org.junit.runners.BlockJUnit4ClassRunner.runChild(BlockJUnit4ClassRunner.java:57)
	at org.junit.runners.ParentRunner$3.run(ParentRunner.java:290)
	at org.junit.runners.ParentRunner$1.schedule(ParentRunner.java:71)
	at org.junit.runners.ParentRunner.runChildren(ParentRunner.java:288)
	at org.junit.runners.ParentRunner.access$000(ParentRunner.java:58)
	at org.junit.runners.ParentRunner$2.evaluate(ParentRunner.java:268)
	at org.junit.internal.runners.statements.RunBefores.evaluate(RunBefores.java:26)
	at org.junit.internal.runners.statements.RunAfters.evaluate(RunAfters.java:27)
	at org.junit.runners.ParentRunner.run(ParentRunner.java:363)
	at org.junit.runners.Suite.runChild(Suite.java:128)
	at org.junit.runners.Suite.runChild(Suite.java:27)
	at org.junit.runners.ParentRunner$3.run(ParentRunner.java:290)
	at org.junit.runners.ParentRunner$1.schedule(ParentRunner.java:71)
	at org.junit.runners.ParentRunner.runChildren(ParentRunner.java:288)
	at org.junit.runners.ParentRunner.access$000(ParentRunner.java:58)
	at org.junit.runners.ParentRunner$2.evaluate(ParentRunner.java:268)
	at org.junit.runners.ParentRunner.run(ParentRunner.java:363)
	at org.apache.maven.surefire.junit4.JUnit4Provider.execute(JUnit4Provider.java:316)
	at org.apache.maven.surefire.junit4.JUnit4Provider.executeWithRerun(JUnit4Provider.java:240)
	at org.apache.maven.surefire.junit4.JUnit4Provider.executeTestSet(JUnit4Provider.java:214)
	at org.apache.maven.surefire.junit4.JUnit4Provider.invoke(JUnit4Provider.java:155)
	at org.apache.maven.surefire.booter.ForkedBooter.runSuitesInProcess(ForkedBooter.java:385)
	at org.apache.maven.surefire.booter.ForkedBooter.execute(ForkedBooter.java:162)
	at org.apache.maven.surefire.booter.ForkedBooter.run(ForkedBooter.java:507)
	at org.apache.maven.surefire.booter.ForkedBooter.main(ForkedBooter.java:495)
]]></failure>
    <system-out><![CDATA[
Setting a formula with numbers, references to cells, and one level of parenthesis
		The cell should contain the number 10 -result of formula =100/(A5+(A5*A5/5))- with a margin of 0.00001. Instead, it contains the value NaN; expected:<10.0> but was:<NaN>
		Puntos obtenidos: 0.0. Puntos acumulados: 0.0
]]></system-out>
  </testcase>
  <testcase name="test_07_SetCellContent_FormulaNumbersCellsRefsFunctionsNumbArgs" classname="edu.upc.etsetb.arqsoft.spreadsheet.marker.FormulaContentTest" time="0.008">
    <failure message="The cell should contain the number 20 -result of formula =(A5*4)/(A2+A2)+SUMA(1;2;3;4;5)- with a margin of 0.00001. Instead, it contains the value NaN; expected:&lt;20.0&gt; but was:&lt;NaN&gt;" type="java.lang.AssertionError"><![CDATA[java.lang.AssertionError: The cell should contain the number 20 -result of formula =(A5*4)/(A2+A2)+SUMA(1;2;3;4;5)- with a margin of 0.00001. Instead, it contains the value NaN; expected:<20.0> but was:<NaN>
	at edu.upc.ac.corrector.SuperClassForTests.sAssertEquals(SuperClassForTests.java:186)
	at edu.upc.etsetb.arqsoft.spreadsheet.marker.FormulaContentTest.test_07_SetCellContent_FormulaNumbersCellsRefsFunctionsNumbArgs(FormulaContentTest.java:363)
	at java.base/jdk.internal.reflect.DirectMethodHandleAccessor.invoke(DirectMethodHandleAccessor.java:103)
	at java.base/java.lang.reflect.Method.invoke(Method.java:580)
	at org.junit.runners.model.FrameworkMethod$1.runReflectiveCall(FrameworkMethod.java:50)
	at org.junit.internal.runners.model.ReflectiveCallable.run(ReflectiveCallable.java:12)
	at org.junit.runners.model.FrameworkMethod.invokeExplosively(FrameworkMethod.java:47)
	at org.junit.internal.runners.statements.InvokeMethod.evaluate(InvokeMethod.java:17)
	at org.junit.runners.ParentRunner.runLeaf(ParentRunner.java:325)
	at org.junit.runners.BlockJUnit4ClassRunner.runChild(BlockJUnit4ClassRunner.java:78)
	at org.junit.runners.BlockJUnit4ClassRunner.runChild(BlockJUnit4ClassRunner.java:57)
	at org.junit.runners.ParentRunner$3.run(ParentRunner.java:290)
	at org.junit.runners.ParentRunner$1.schedule(ParentRunner.java:71)
	at org.junit.runners.ParentRunner.runChildren(ParentRunner.java:288)
	at org.junit.runners.ParentRunner.access$000(ParentRunner.java:58)
	at org.junit.runners.ParentRunner$2.evaluate(ParentRunner.java:268)
	at org.junit.internal.runners.statements.RunBefores.evaluate(RunBefores.java:26)
	at org.junit.internal.runners.statements.RunAfters.evaluate(RunAfters.java:27)
	at org.junit.runners.ParentRunner.run(ParentRunner.java:363)
	at org.junit.runners.Suite.runChild(Suite.java:128)
	at org.junit.runners.Suite.runChild(Suite.java:27)
	at org.junit.runners.ParentRunner$3.run(ParentRunner.java:290)
	at org.junit.runners.ParentRunner$1.schedule(ParentRunner.java:71)
	at org.junit.runners.ParentRunner.runChildren(ParentRunner.java:288)
	at org.junit.runners.ParentRunner.access$000(ParentRunner.java:58)
	at org.junit.runners.ParentRunner$2.evaluate(ParentRunner.java:268)
	at org.junit.runners.ParentRunner.run(ParentRunner.java:363)
	at org.apache.maven.surefire.junit4.JUnit4Provider.execute(JUnit4Provider.java:316)
	at org.apache.maven.surefire.junit4.JUnit4Provider.executeWithRerun(JUnit4Provider.java:240)
	at org.apache.maven.surefire.junit4.JUnit4Provider.executeTestSet(JUnit4Provider.java:214)
	at org.apache.maven.surefire.junit4.JUnit4Provider.invoke(JUnit4Provider.java:155)
	at org.apache.maven.surefire.booter.ForkedBooter.runSuitesInProcess(ForkedBooter.java:385)
	at org.apache.maven.surefire.booter.ForkedBooter.execute(ForkedBooter.java:162)
	at org.apache.maven.surefire.booter.ForkedBooter.run(ForkedBooter.java:507)
	at org.apache.maven.surefire.booter.ForkedBooter.main(ForkedBooter.java:495)
]]></failure>
    <system-out><![CDATA[
Setting a formula with numbers, references to cells, and functions that have only numbers as args
		The cell should contain the number 20 -result of formula =(A5*4)/(A2+A2)+SUMA(1;2;3;4;5)- with a margin of 0.00001. Instead, it contains the value NaN; expected:<20.0> but was:<NaN>
		Puntos obtenidos: 0.0. Puntos acumulados: 0.0
]]></system-out>
  </testcase>
  <testcase name="test_08_SetCellContent_FormulaNumbersCellsRefsFunctionsNumbCellRefsArgs" classname="edu.upc.etsetb.arqsoft.spreadsheet.marker.FormulaContentTest" time="0.004">
    <failure message="The cell should contain the number 20 -result of formula =(A5*4)/(A2+A2)+SUMA(A1;A2;3;4;5)- with a margin of 0.00001. Instead, it contains the value NaN; expected:&lt;20.0&gt; but was:&lt;NaN&gt;" type="java.lang.AssertionError"><![CDATA[java.lang.AssertionError: The cell should contain the number 20 -result of formula =(A5*4)/(A2+A2)+SUMA(A1;A2;3;4;5)- with a margin of 0.00001. Instead, it contains the value NaN; expected:<20.0> but was:<NaN>
	at edu.upc.ac.corrector.SuperClassForTests.sAssertEquals(SuperClassForTests.java:186)
	at edu.upc.etsetb.arqsoft.spreadsheet.marker.FormulaContentTest.test_08_SetCellContent_FormulaNumbersCellsRefsFunctionsNumbCellRefsArgs(FormulaContentTest.java:399)
	at java.base/jdk.internal.reflect.DirectMethodHandleAccessor.invoke(DirectMethodHandleAccessor.java:103)
	at java.base/java.lang.reflect.Method.invoke(Method.java:580)
	at org.junit.runners.model.FrameworkMethod$1.runReflectiveCall(FrameworkMethod.java:50)
	at org.junit.internal.runners.model.ReflectiveCallable.run(ReflectiveCallable.java:12)
	at org.junit.runners.model.FrameworkMethod.invokeExplosively(FrameworkMethod.java:47)
	at org.junit.internal.runners.statements.InvokeMethod.evaluate(InvokeMethod.java:17)
	at org.junit.runners.ParentRunner.runLeaf(ParentRunner.java:325)
	at org.junit.runners.BlockJUnit4ClassRunner.runChild(BlockJUnit4ClassRunner.java:78)
	at org.junit.runners.BlockJUnit4ClassRunner.runChild(BlockJUnit4ClassRunner.java:57)
	at org.junit.runners.ParentRunner$3.run(ParentRunner.java:290)
	at org.junit.runners.ParentRunner$1.schedule(ParentRunner.java:71)
	at org.junit.runners.ParentRunner.runChildren(ParentRunner.java:288)
	at org.junit.runners.ParentRunner.access$000(ParentRunner.java:58)
	at org.junit.runners.ParentRunner$2.evaluate(ParentRunner.java:268)
	at org.junit.internal.runners.statements.RunBefores.evaluate(RunBefores.java:26)
	at org.junit.internal.runners.statements.RunAfters.evaluate(RunAfters.java:27)
	at org.junit.runners.ParentRunner.run(ParentRunner.java:363)
	at org.junit.runners.Suite.runChild(Suite.java:128)
	at org.junit.runners.Suite.runChild(Suite.java:27)
	at org.junit.runners.ParentRunner$3.run(ParentRunner.java:290)
	at org.junit.runners.ParentRunner$1.schedule(ParentRunner.java:71)
	at org.junit.runners.ParentRunner.runChildren(ParentRunner.java:288)
	at org.junit.runners.ParentRunner.access$000(ParentRunner.java:58)
	at org.junit.runners.ParentRunner$2.evaluate(ParentRunner.java:268)
	at org.junit.runners.ParentRunner.run(ParentRunner.java:363)
	at org.apache.maven.surefire.junit4.JUnit4Provider.execute(JUnit4Provider.java:316)
	at org.apache.maven.surefire.junit4.JUnit4Provider.executeWithRerun(JUnit4Provider.java:240)
	at org.apache.maven.surefire.junit4.JUnit4Provider.executeTestSet(JUnit4Provider.java:214)
	at org.apache.maven.surefire.junit4.JUnit4Provider.invoke(JUnit4Provider.java:155)
	at org.apache.maven.surefire.booter.ForkedBooter.runSuitesInProcess(ForkedBooter.java:385)
	at org.apache.maven.surefire.booter.ForkedBooter.execute(ForkedBooter.java:162)
	at org.apache.maven.surefire.booter.ForkedBooter.run(ForkedBooter.java:507)
	at org.apache.maven.surefire.booter.ForkedBooter.main(ForkedBooter.java:495)
]]></failure>
    <system-out><![CDATA[
Setting a formula with numbers, references to cells, and functions that have numbers and references to cells as args
		The cell should contain the number 20 -result of formula =(A5*4)/(A2+A2)+SUMA(A1;A2;3;4;5)- with a margin of 0.00001. Instead, it contains the value NaN; expected:<20.0> but was:<NaN>
		Puntos obtenidos: 0.0. Puntos acumulados: 0.0
]]></system-out>
  </testcase>
  <testcase name="test_09_SetCellContent_FormulaNumbersCellsRefsFunctionsNumbCellRefsRangesArgs" classname="edu.upc.etsetb.arqsoft.spreadsheet.marker.FormulaContentTest" time="0.015">
    <failure message="The cell should contain the number 83 -result of formula =(A5*4)/(A2+A2)+SUMA(A1;A2;3;4;5;A6:A12)- with a margin of 0.00001. Instead, it contains the value NaN; expected:&lt;83.0&gt; but was:&lt;NaN&gt;" type="java.lang.AssertionError"><![CDATA[java.lang.AssertionError: The cell should contain the number 83 -result of formula =(A5*4)/(A2+A2)+SUMA(A1;A2;3;4;5;A6:A12)- with a margin of 0.00001. Instead, it contains the value NaN; expected:<83.0> but was:<NaN>
	at edu.upc.ac.corrector.SuperClassForTests.sAssertEquals(SuperClassForTests.java:186)
	at edu.upc.etsetb.arqsoft.spreadsheet.marker.FormulaContentTest.test_09_SetCellContent_FormulaNumbersCellsRefsFunctionsNumbCellRefsRangesArgs(FormulaContentTest.java:436)
	at java.base/jdk.internal.reflect.DirectMethodHandleAccessor.invoke(DirectMethodHandleAccessor.java:103)
	at java.base/java.lang.reflect.Method.invoke(Method.java:580)
	at org.junit.runners.model.FrameworkMethod$1.runReflectiveCall(FrameworkMethod.java:50)
	at org.junit.internal.runners.model.ReflectiveCallable.run(ReflectiveCallable.java:12)
	at org.junit.runners.model.FrameworkMethod.invokeExplosively(FrameworkMethod.java:47)
	at org.junit.internal.runners.statements.InvokeMethod.evaluate(InvokeMethod.java:17)
	at org.junit.runners.ParentRunner.runLeaf(ParentRunner.java:325)
	at org.junit.runners.BlockJUnit4ClassRunner.runChild(BlockJUnit4ClassRunner.java:78)
	at org.junit.runners.BlockJUnit4ClassRunner.runChild(BlockJUnit4ClassRunner.java:57)
	at org.junit.runners.ParentRunner$3.run(ParentRunner.java:290)
	at org.junit.runners.ParentRunner$1.schedule(ParentRunner.java:71)
	at org.junit.runners.ParentRunner.runChildren(ParentRunner.java:288)
	at org.junit.runners.ParentRunner.access$000(ParentRunner.java:58)
	at org.junit.runners.ParentRunner$2.evaluate(ParentRunner.java:268)
	at org.junit.internal.runners.statements.RunBefores.evaluate(RunBefores.java:26)
	at org.junit.internal.runners.statements.RunAfters.evaluate(RunAfters.java:27)
	at org.junit.runners.ParentRunner.run(ParentRunner.java:363)
	at org.junit.runners.Suite.runChild(Suite.java:128)
	at org.junit.runners.Suite.runChild(Suite.java:27)
	at org.junit.runners.ParentRunner$3.run(ParentRunner.java:290)
	at org.junit.runners.ParentRunner$1.schedule(ParentRunner.java:71)
	at org.junit.runners.ParentRunner.runChildren(ParentRunner.java:288)
	at org.junit.runners.ParentRunner.access$000(ParentRunner.java:58)
	at org.junit.runners.ParentRunner$2.evaluate(ParentRunner.java:268)
	at org.junit.runners.ParentRunner.run(ParentRunner.java:363)
	at org.apache.maven.surefire.junit4.JUnit4Provider.execute(JUnit4Provider.java:316)
	at org.apache.maven.surefire.junit4.JUnit4Provider.executeWithRerun(JUnit4Provider.java:240)
	at org.apache.maven.surefire.junit4.JUnit4Provider.executeTestSet(JUnit4Provider.java:214)
	at org.apache.maven.surefire.junit4.JUnit4Provider.invoke(JUnit4Provider.java:155)
	at org.apache.maven.surefire.booter.ForkedBooter.runSuitesInProcess(ForkedBooter.java:385)
	at org.apache.maven.surefire.booter.ForkedBooter.execute(ForkedBooter.java:162)
	at org.apache.maven.surefire.booter.ForkedBooter.run(ForkedBooter.java:507)
	at org.apache.maven.surefire.booter.ForkedBooter.main(ForkedBooter.java:495)
]]></failure>
    <system-out><![CDATA[
Setting a formula with numbers, references to cells, and functions that have numbers,references to cells, and ranges as args
		The cell should contain the number 83 -result of formula =(A5*4)/(A2+A2)+SUMA(A1;A2;3;4;5;A6:A12)- with a margin of 0.00001. Instead, it contains the value NaN; expected:<83.0> but was:<NaN>
		Puntos obtenidos: 0.0. Puntos acumulados: 0.0
]]></system-out>
  </testcase>
  <testcase name="test_10_SetCellContent_FormulaNumbersCellsRefsFunctionsNumbCellRefsRangesFuncsArgs" classname="edu.upc.etsetb.arqsoft.spreadsheet.marker.FormulaContentTest" time="0.002">
    <failure message="The cell should contain the number 96 -result of formula =(A5*4)/(A2+A2)+SUMA(A1;A2;3;4;5;A6:A12;MIN(A13:A20))- with a margin of 0.00001. Instead, it contains the value NaN; expected:&lt;96.0&gt; but was:&lt;NaN&gt;" type="java.lang.AssertionError"><![CDATA[java.lang.AssertionError: The cell should contain the number 96 -result of formula =(A5*4)/(A2+A2)+SUMA(A1;A2;3;4;5;A6:A12;MIN(A13:A20))- with a margin of 0.00001. Instead, it contains the value NaN; expected:<96.0> but was:<NaN>
	at edu.upc.ac.corrector.SuperClassForTests.sAssertEquals(SuperClassForTests.java:186)
	at edu.upc.etsetb.arqsoft.spreadsheet.marker.FormulaContentTest.test_10_SetCellContent_FormulaNumbersCellsRefsFunctionsNumbCellRefsRangesFuncsArgs(FormulaContentTest.java:473)
	at java.base/jdk.internal.reflect.DirectMethodHandleAccessor.invoke(DirectMethodHandleAccessor.java:103)
	at java.base/java.lang.reflect.Method.invoke(Method.java:580)
	at org.junit.runners.model.FrameworkMethod$1.runReflectiveCall(FrameworkMethod.java:50)
	at org.junit.internal.runners.model.ReflectiveCallable.run(ReflectiveCallable.java:12)
	at org.junit.runners.model.FrameworkMethod.invokeExplosively(FrameworkMethod.java:47)
	at org.junit.internal.runners.statements.InvokeMethod.evaluate(InvokeMethod.java:17)
	at org.junit.runners.ParentRunner.runLeaf(ParentRunner.java:325)
	at org.junit.runners.BlockJUnit4ClassRunner.runChild(BlockJUnit4ClassRunner.java:78)
	at org.junit.runners.BlockJUnit4ClassRunner.runChild(BlockJUnit4ClassRunner.java:57)
	at org.junit.runners.ParentRunner$3.run(ParentRunner.java:290)
	at org.junit.runners.ParentRunner$1.schedule(ParentRunner.java:71)
	at org.junit.runners.ParentRunner.runChildren(ParentRunner.java:288)
	at org.junit.runners.ParentRunner.access$000(ParentRunner.java:58)
	at org.junit.runners.ParentRunner$2.evaluate(ParentRunner.java:268)
	at org.junit.internal.runners.statements.RunBefores.evaluate(RunBefores.java:26)
	at org.junit.internal.runners.statements.RunAfters.evaluate(RunAfters.java:27)
	at org.junit.runners.ParentRunner.run(ParentRunner.java:363)
	at org.junit.runners.Suite.runChild(Suite.java:128)
	at org.junit.runners.Suite.runChild(Suite.java:27)
	at org.junit.runners.ParentRunner$3.run(ParentRunner.java:290)
	at org.junit.runners.ParentRunner$1.schedule(ParentRunner.java:71)
	at org.junit.runners.ParentRunner.runChildren(ParentRunner.java:288)
	at org.junit.runners.ParentRunner.access$000(ParentRunner.java:58)
	at org.junit.runners.ParentRunner$2.evaluate(ParentRunner.java:268)
	at org.junit.runners.ParentRunner.run(ParentRunner.java:363)
	at org.apache.maven.surefire.junit4.JUnit4Provider.execute(JUnit4Provider.java:316)
	at org.apache.maven.surefire.junit4.JUnit4Provider.executeWithRerun(JUnit4Provider.java:240)
	at org.apache.maven.surefire.junit4.JUnit4Provider.executeTestSet(JUnit4Provider.java:214)
	at org.apache.maven.surefire.junit4.JUnit4Provider.invoke(JUnit4Provider.java:155)
	at org.apache.maven.surefire.booter.ForkedBooter.runSuitesInProcess(ForkedBooter.java:385)
	at org.apache.maven.surefire.booter.ForkedBooter.execute(ForkedBooter.java:162)
	at org.apache.maven.surefire.booter.ForkedBooter.run(ForkedBooter.java:507)
	at org.apache.maven.surefire.booter.ForkedBooter.main(ForkedBooter.java:495)
]]></failure>
    <system-out><![CDATA[
Setting a formula with numbers, references to cells, and functions that have numbers,references to cells, ranges, and other functions as args
		The cell should contain the number 96 -result of formula =(A5*4)/(A2+A2)+SUMA(A1;A2;3;4;5;A6:A12;MIN(A13:A20))- with a margin of 0.00001. Instead, it contains the value NaN; expected:<96.0> but was:<NaN>
		Puntos obtenidos: 0.0. Puntos acumulados: 0.0
]]></system-out>
  </testcase>
  <testcase name="test_01_DependentCellDirectDependency" classname="edu.upc.etsetb.arqsoft.spreadsheet.marker.DependentCellsTest" time="0.0">
    <failure message="The cell should contain the number: 0 -result of formula =A1+2-A2, when A1=2 and A2=4- with a margin of 0.00001. Instead, it contains the value NaN; expected:&lt;0.0&gt; but was:&lt;NaN&gt;" type="java.lang.AssertionError"><![CDATA[java.lang.AssertionError: The cell should contain the number: 0 -result of formula =A1+2-A2, when A1=2 and A2=4- with a margin of 0.00001. Instead, it contains the value NaN; expected:<0.0> but was:<NaN>
	at edu.upc.ac.corrector.SuperClassForTests.sAssertEquals(SuperClassForTests.java:186)
	at edu.upc.etsetb.arqsoft.spreadsheet.marker.DependentCellsTest.test_01_DependentCellDirectDependency(DependentCellsTest.java:153)
	at java.base/jdk.internal.reflect.DirectMethodHandleAccessor.invoke(DirectMethodHandleAccessor.java:103)
	at java.base/java.lang.reflect.Method.invoke(Method.java:580)
	at org.junit.runners.model.FrameworkMethod$1.runReflectiveCall(FrameworkMethod.java:50)
	at org.junit.internal.runners.model.ReflectiveCallable.run(ReflectiveCallable.java:12)
	at org.junit.runners.model.FrameworkMethod.invokeExplosively(FrameworkMethod.java:47)
	at org.junit.internal.runners.statements.InvokeMethod.evaluate(InvokeMethod.java:17)
	at org.junit.internal.runners.statements.RunBefores.evaluate(RunBefores.java:26)
	at org.junit.internal.runners.statements.RunAfters.evaluate(RunAfters.java:27)
	at org.junit.runners.ParentRunner.runLeaf(ParentRunner.java:325)
	at org.junit.runners.BlockJUnit4ClassRunner.runChild(BlockJUnit4ClassRunner.java:78)
	at org.junit.runners.BlockJUnit4ClassRunner.runChild(BlockJUnit4ClassRunner.java:57)
	at org.junit.runners.ParentRunner$3.run(ParentRunner.java:290)
	at org.junit.runners.ParentRunner$1.schedule(ParentRunner.java:71)
	at org.junit.runners.ParentRunner.runChildren(ParentRunner.java:288)
	at org.junit.runners.ParentRunner.access$000(ParentRunner.java:58)
	at org.junit.runners.ParentRunner$2.evaluate(ParentRunner.java:268)
	at org.junit.internal.runners.statements.RunBefores.evaluate(RunBefores.java:26)
	at org.junit.internal.runners.statements.RunAfters.evaluate(RunAfters.java:27)
	at org.junit.runners.ParentRunner.run(ParentRunner.java:363)
	at org.junit.runners.Suite.runChild(Suite.java:128)
	at org.junit.runners.Suite.runChild(Suite.java:27)
	at org.junit.runners.ParentRunner$3.run(ParentRunner.java:290)
	at org.junit.runners.ParentRunner$1.schedule(ParentRunner.java:71)
	at org.junit.runners.ParentRunner.runChildren(ParentRunner.java:288)
	at org.junit.runners.ParentRunner.access$000(ParentRunner.java:58)
	at org.junit.runners.ParentRunner$2.evaluate(ParentRunner.java:268)
	at org.junit.runners.ParentRunner.run(ParentRunner.java:363)
	at org.apache.maven.surefire.junit4.JUnit4Provider.execute(JUnit4Provider.java:316)
	at org.apache.maven.surefire.junit4.JUnit4Provider.executeWithRerun(JUnit4Provider.java:240)
	at org.apache.maven.surefire.junit4.JUnit4Provider.executeTestSet(JUnit4Provider.java:214)
	at org.apache.maven.surefire.junit4.JUnit4Provider.invoke(JUnit4Provider.java:155)
	at org.apache.maven.surefire.booter.ForkedBooter.runSuitesInProcess(ForkedBooter.java:385)
	at org.apache.maven.surefire.booter.ForkedBooter.execute(ForkedBooter.java:162)
	at org.apache.maven.surefire.booter.ForkedBooter.run(ForkedBooter.java:507)
	at org.apache.maven.surefire.booter.ForkedBooter.main(ForkedBooter.java:495)
]]></failure>
    <system-out><![CDATA[

Resumen de errores en FormulaContentTest
The cell should contain the number: 3 -result of formula =1+2- with a margin of 0.00001. Instead, it contains the value NaN; expected:<3.0> but was:<NaN>
The cell should contain the number: -2 with a margin of 0.00001. Instead, it contains the value NaN; expected:<-2.0> but was:<NaN>
The cell should contain the number: 6 with a margin of 0.00001. Instead, it contains the value NaN; expected:<6.0> but was:<NaN>
The cell should contain the number: 2 with a margin of 0.00001. Instead, it contains the value NaN; expected:<2.0> but was:<NaN>
The cell should contain the number 2 -result of formula 10/(2+3)- with a margin of 0.00001. Instead, it contains the value NaN; expected:<2.0> but was:<NaN>
The cell should contain the number 10 -result of formula 100/(5+(25/5))- with a margin of 0.00001. Instead, it contains the value NaN; expected:<10.0> but was:<NaN>
The cell should contain the number 5 -result of formula A1*10-5 - with a margin of 0.00001. Instead, it contains the value NaN; expected:<5.0> but was:<NaN>
The cell should contain the number 5 -result of formula =(A5*4)/(A2+A2)- with a margin of 0.00001. Instead, it contains the value NaN; expected:<5.0> but was:<NaN>
The cell should contain the number 10 -result of formula =100/(A5+(A5*A5/5))- with a margin of 0.00001. Instead, it contains the value NaN; expected:<10.0> but was:<NaN>
The cell should contain the number 20 -result of formula =(A5*4)/(A2+A2)+SUMA(1;2;3;4;5)- with a margin of 0.00001. Instead, it contains the value NaN; expected:<20.0> but was:<NaN>
The cell should contain the number 20 -result of formula =(A5*4)/(A2+A2)+SUMA(A1;A2;3;4;5)- with a margin of 0.00001. Instead, it contains the value NaN; expected:<20.0> but was:<NaN>
The cell should contain the number 83 -result of formula =(A5*4)/(A2+A2)+SUMA(A1;A2;3;4;5;A6:A12)- with a margin of 0.00001. Instead, it contains the value NaN; expected:<83.0> but was:<NaN>
The cell should contain the number 96 -result of formula =(A5*4)/(A2+A2)+SUMA(A1;A2;3;4;5;A6:A12;MIN(A13:A20))- with a margin of 0.00001. Instead, it contains the value NaN; expected:<96.0> but was:<NaN>

Checking the proper update of cells that contain formulas that contain an operand that is a reference to the cell whose content is modified. Total value (over 10): 2.5

	Case 1: modifying one cell that is directly referenced as an operand in the formula: 1.25
		The cell should contain the number: 1 -result of formula =A1+2-A2, when A1=1 and A2=2- with a margin of 0.00001. Instead, it contains the value NaN; expected:<1.0> but was:<NaN>
		The cell should contain the number: 2 -result of formula =A1+2-A2, when A1=2 and A2=2- with a margin of 0.00001. Instead, it contains the value NaN; expected:<2.0> but was:<NaN>

	Case 2: modifying a second cell that is directly referenced as an operand in the formula: 1.25
		The cell should contain the number: 0 -result of formula =A1+2-A2, when A1=2 and A2=4- with a margin of 0.00001. Instead, it contains the value NaN; expected:<0.0> but was:<NaN>
		Puntos obtenidos: 0.0. Puntos acumulados: 0.0
]]></system-out>
  </testcase>
  <testcase name="test_02_DependentCellReferencedAsFunctionArgument" classname="edu.upc.etsetb.arqsoft.spreadsheet.marker.DependentCellsTest" time="0.005">
    <failure message="The cell should contain the number: 15 -result of formula =1+SUMA(A3;A4;A5), when A3=4, A4=5 , and A5=5- with a margin of 0.00001. Instead, it contains the value NaN; expected:&lt;15.0&gt; but was:&lt;NaN&gt;" type="java.lang.AssertionError"><![CDATA[java.lang.AssertionError: The cell should contain the number: 15 -result of formula =1+SUMA(A3;A4;A5), when A3=4, A4=5 , and A5=5- with a margin of 0.00001. Instead, it contains the value NaN; expected:<15.0> but was:<NaN>
	at edu.upc.ac.corrector.SuperClassForTests.sAssertEquals(SuperClassForTests.java:186)
	at edu.upc.etsetb.arqsoft.spreadsheet.marker.DependentCellsTest.test_02_DependentCellReferencedAsFunctionArgument(DependentCellsTest.java:215)
	at java.base/jdk.internal.reflect.DirectMethodHandleAccessor.invoke(DirectMethodHandleAccessor.java:103)
	at java.base/java.lang.reflect.Method.invoke(Method.java:580)
	at org.junit.runners.model.FrameworkMethod$1.runReflectiveCall(FrameworkMethod.java:50)
	at org.junit.internal.runners.model.ReflectiveCallable.run(ReflectiveCallable.java:12)
	at org.junit.runners.model.FrameworkMethod.invokeExplosively(FrameworkMethod.java:47)
	at org.junit.internal.runners.statements.InvokeMethod.evaluate(InvokeMethod.java:17)
	at org.junit.internal.runners.statements.RunBefores.evaluate(RunBefores.java:26)
	at org.junit.internal.runners.statements.RunAfters.evaluate(RunAfters.java:27)
	at org.junit.runners.ParentRunner.runLeaf(ParentRunner.java:325)
	at org.junit.runners.BlockJUnit4ClassRunner.runChild(BlockJUnit4ClassRunner.java:78)
	at org.junit.runners.BlockJUnit4ClassRunner.runChild(BlockJUnit4ClassRunner.java:57)
	at org.junit.runners.ParentRunner$3.run(ParentRunner.java:290)
	at org.junit.runners.ParentRunner$1.schedule(ParentRunner.java:71)
	at org.junit.runners.ParentRunner.runChildren(ParentRunner.java:288)
	at org.junit.runners.ParentRunner.access$000(ParentRunner.java:58)
	at org.junit.runners.ParentRunner$2.evaluate(ParentRunner.java:268)
	at org.junit.internal.runners.statements.RunBefores.evaluate(RunBefores.java:26)
	at org.junit.internal.runners.statements.RunAfters.evaluate(RunAfters.java:27)
	at org.junit.runners.ParentRunner.run(ParentRunner.java:363)
	at org.junit.runners.Suite.runChild(Suite.java:128)
	at org.junit.runners.Suite.runChild(Suite.java:27)
	at org.junit.runners.ParentRunner$3.run(ParentRunner.java:290)
	at org.junit.runners.ParentRunner$1.schedule(ParentRunner.java:71)
	at org.junit.runners.ParentRunner.runChildren(ParentRunner.java:288)
	at org.junit.runners.ParentRunner.access$000(ParentRunner.java:58)
	at org.junit.runners.ParentRunner$2.evaluate(ParentRunner.java:268)
	at org.junit.runners.ParentRunner.run(ParentRunner.java:363)
	at org.apache.maven.surefire.junit4.JUnit4Provider.execute(JUnit4Provider.java:316)
	at org.apache.maven.surefire.junit4.JUnit4Provider.executeWithRerun(JUnit4Provider.java:240)
	at org.apache.maven.surefire.junit4.JUnit4Provider.executeTestSet(JUnit4Provider.java:214)
	at org.apache.maven.surefire.junit4.JUnit4Provider.invoke(JUnit4Provider.java:155)
	at org.apache.maven.surefire.booter.ForkedBooter.runSuitesInProcess(ForkedBooter.java:385)
	at org.apache.maven.surefire.booter.ForkedBooter.execute(ForkedBooter.java:162)
	at org.apache.maven.surefire.booter.ForkedBooter.run(ForkedBooter.java:507)
	at org.apache.maven.surefire.booter.ForkedBooter.main(ForkedBooter.java:495)
]]></failure>
    <system-out><![CDATA[
Checking the proper update of cells that contain formulas that contain a function with an argument that is a reference to the cell whose content is modified. Total value (over 10): 3.5

	Case 1: modifying one cell whose reference is one of the arguments of a function in another cell: 1.75
		The cell should contain the number: 13 -result of formula =1+SUMA(A3;A4;A5), when A3=3, A4=4 , and A5=5- with a margin of 0.00001. Instead, it contains the value NaN; expected:<13.0> but was:<NaN>
		The cell should contain the number: 14 -result of formula =1+SUMA(A3;A4;A5), when A3=4, A4=4 , and A5=5- with a margin of 0.00001. Instead, it contains the value NaN; expected:<14.0> but was:<NaN>

	Case 2: modifying a second cell whose reference is one of the arguments of a function in another cell: 1.75
		The cell should contain the number: 15 -result of formula =1+SUMA(A3;A4;A5), when A3=4, A4=5 , and A5=5- with a margin of 0.00001. Instead, it contains the value NaN; expected:<15.0> but was:<NaN>
		Puntos obtenidos: 0.0. Puntos acumulados: 0.0
]]></system-out>
  </testcase>
  <testcase name="test_03_DependentCellReferencedAsFunctionRangeArgument" classname="edu.upc.etsetb.arqsoft.spreadsheet.marker.DependentCellsTest" time="0.002">
    <failure message="The cell should contain the number: 44 -result of formula =2+SUMA(A6:A10), when A6=7, A7=8, A8=8, A9=9, and A10=10- with a margin of 0.00001. Instead, it contains the value NaN; expected:&lt;44.0&gt; but was:&lt;NaN&gt;" type="java.lang.AssertionError"><![CDATA[java.lang.AssertionError: The cell should contain the number: 44 -result of formula =2+SUMA(A6:A10), when A6=7, A7=8, A8=8, A9=9, and A10=10- with a margin of 0.00001. Instead, it contains the value NaN; expected:<44.0> but was:<NaN>
	at edu.upc.ac.corrector.SuperClassForTests.sAssertEquals(SuperClassForTests.java:186)
	at edu.upc.etsetb.arqsoft.spreadsheet.marker.DependentCellsTest.test_03_DependentCellReferencedAsFunctionRangeArgument(DependentCellsTest.java:277)
	at java.base/jdk.internal.reflect.DirectMethodHandleAccessor.invoke(DirectMethodHandleAccessor.java:103)
	at java.base/java.lang.reflect.Method.invoke(Method.java:580)
	at org.junit.runners.model.FrameworkMethod$1.runReflectiveCall(FrameworkMethod.java:50)
	at org.junit.internal.runners.model.ReflectiveCallable.run(ReflectiveCallable.java:12)
	at org.junit.runners.model.FrameworkMethod.invokeExplosively(FrameworkMethod.java:47)
	at org.junit.internal.runners.statements.InvokeMethod.evaluate(InvokeMethod.java:17)
	at org.junit.internal.runners.statements.RunBefores.evaluate(RunBefores.java:26)
	at org.junit.internal.runners.statements.RunAfters.evaluate(RunAfters.java:27)
	at org.junit.runners.ParentRunner.runLeaf(ParentRunner.java:325)
	at org.junit.runners.BlockJUnit4ClassRunner.runChild(BlockJUnit4ClassRunner.java:78)
	at org.junit.runners.BlockJUnit4ClassRunner.runChild(BlockJUnit4ClassRunner.java:57)
	at org.junit.runners.ParentRunner$3.run(ParentRunner.java:290)
	at org.junit.runners.ParentRunner$1.schedule(ParentRunner.java:71)
	at org.junit.runners.ParentRunner.runChildren(ParentRunner.java:288)
	at org.junit.runners.ParentRunner.access$000(ParentRunner.java:58)
	at org.junit.runners.ParentRunner$2.evaluate(ParentRunner.java:268)
	at org.junit.internal.runners.statements.RunBefores.evaluate(RunBefores.java:26)
	at org.junit.internal.runners.statements.RunAfters.evaluate(RunAfters.java:27)
	at org.junit.runners.ParentRunner.run(ParentRunner.java:363)
	at org.junit.runners.Suite.runChild(Suite.java:128)
	at org.junit.runners.Suite.runChild(Suite.java:27)
	at org.junit.runners.ParentRunner$3.run(ParentRunner.java:290)
	at org.junit.runners.ParentRunner$1.schedule(ParentRunner.java:71)
	at org.junit.runners.ParentRunner.runChildren(ParentRunner.java:288)
	at org.junit.runners.ParentRunner.access$000(ParentRunner.java:58)
	at org.junit.runners.ParentRunner$2.evaluate(ParentRunner.java:268)
	at org.junit.runners.ParentRunner.run(ParentRunner.java:363)
	at org.apache.maven.surefire.junit4.JUnit4Provider.execute(JUnit4Provider.java:316)
	at org.apache.maven.surefire.junit4.JUnit4Provider.executeWithRerun(JUnit4Provider.java:240)
	at org.apache.maven.surefire.junit4.JUnit4Provider.executeTestSet(JUnit4Provider.java:214)
	at org.apache.maven.surefire.junit4.JUnit4Provider.invoke(JUnit4Provider.java:155)
	at org.apache.maven.surefire.booter.ForkedBooter.runSuitesInProcess(ForkedBooter.java:385)
	at org.apache.maven.surefire.booter.ForkedBooter.execute(ForkedBooter.java:162)
	at org.apache.maven.surefire.booter.ForkedBooter.run(ForkedBooter.java:507)
	at org.apache.maven.surefire.booter.ForkedBooter.main(ForkedBooter.java:495)
]]></failure>
    <system-out><![CDATA[
Checking the proper update of cells that contain formulas that contain a function with an argument that is a range that contains the cell whose content is modified. Total value (over 10): 4.0

	Case 1: modifying one cell that appears in the range that is one of the arguments of a function in another cell: 2.0
		The cell should contain the number: 42 -result of formula =2+SUMA(A6:A10), when A6=6, A7=7, A8=8, A9=9, and A10=10- with a margin of 0.00001. Instead, it contains the value NaN; expected:<42.0> but was:<NaN>
		The cell should contain the number: 43 -result of formula =2+SUMA(A6:A10), when A6=7, A7=7, A8=8, A9=9, and A10=10- with a margin of 0.00001. Instead, it contains the value NaN; expected:<43.0> but was:<NaN>

	Case 2: modifying a second cell that appears in the range that is one of the arguments of a function in another cell: 2.0
		The cell should contain the number: 44 -result of formula =2+SUMA(A6:A10), when A6=7, A7=8, A8=8, A9=9, and A10=10- with a margin of 0.00001. Instead, it contains the value NaN; expected:<44.0> but was:<NaN>
		Puntos obtenidos: 0.0. Puntos acumulados: 0.0
]]></system-out>
  </testcase>
  <testcase name="test_01_DirectCircularDependency" classname="edu.upc.etsetb.arqsoft.spreadsheet.marker.CircularDependenciesTest" time="0.0">
    <failure message="The cell A2should contain the number: 6 -result of formula =A6+A7+A8, initialized to the values indicated in the constructor. Instead, it contains the value NaN; expected:&lt;6.0&gt; but was:&lt;NaN&gt;" type="java.lang.AssertionError"><![CDATA[java.lang.AssertionError: The cell A2should contain the number: 6 -result of formula =A6+A7+A8, initialized to the values indicated in the constructor. Instead, it contains the value NaN; expected:<6.0> but was:<NaN>
	at edu.upc.ac.corrector.SuperClassForTests.sAssertEquals(SuperClassForTests.java:186)
	at edu.upc.etsetb.arqsoft.spreadsheet.marker.CircularDependenciesTest.test_01_DirectCircularDependency(CircularDependenciesTest.java:112)
	at java.base/jdk.internal.reflect.DirectMethodHandleAccessor.invoke(DirectMethodHandleAccessor.java:103)
	at java.base/java.lang.reflect.Method.invoke(Method.java:580)
	at org.junit.runners.model.FrameworkMethod$1.runReflectiveCall(FrameworkMethod.java:50)
	at org.junit.internal.runners.model.ReflectiveCallable.run(ReflectiveCallable.java:12)
	at org.junit.runners.model.FrameworkMethod.invokeExplosively(FrameworkMethod.java:47)
	at org.junit.internal.runners.statements.InvokeMethod.evaluate(InvokeMethod.java:17)
	at org.junit.internal.runners.statements.RunBefores.evaluate(RunBefores.java:26)
	at org.junit.internal.runners.statements.RunAfters.evaluate(RunAfters.java:27)
	at org.junit.runners.ParentRunner.runLeaf(ParentRunner.java:325)
	at org.junit.runners.BlockJUnit4ClassRunner.runChild(BlockJUnit4ClassRunner.java:78)
	at org.junit.runners.BlockJUnit4ClassRunner.runChild(BlockJUnit4ClassRunner.java:57)
	at org.junit.runners.ParentRunner$3.run(ParentRunner.java:290)
	at org.junit.runners.ParentRunner$1.schedule(ParentRunner.java:71)
	at org.junit.runners.ParentRunner.runChildren(ParentRunner.java:288)
	at org.junit.runners.ParentRunner.access$000(ParentRunner.java:58)
	at org.junit.runners.ParentRunner$2.evaluate(ParentRunner.java:268)
	at org.junit.internal.runners.statements.RunBefores.evaluate(RunBefores.java:26)
	at org.junit.internal.runners.statements.RunAfters.evaluate(RunAfters.java:27)
	at org.junit.runners.ParentRunner.run(ParentRunner.java:363)
	at org.junit.runners.Suite.runChild(Suite.java:128)
	at org.junit.runners.Suite.runChild(Suite.java:27)
	at org.junit.runners.ParentRunner$3.run(ParentRunner.java:290)
	at org.junit.runners.ParentRunner$1.schedule(ParentRunner.java:71)
	at org.junit.runners.ParentRunner.runChildren(ParentRunner.java:288)
	at org.junit.runners.ParentRunner.access$000(ParentRunner.java:58)
	at org.junit.runners.ParentRunner$2.evaluate(ParentRunner.java:268)
	at org.junit.runners.ParentRunner.run(ParentRunner.java:363)
	at org.apache.maven.surefire.junit4.JUnit4Provider.execute(JUnit4Provider.java:316)
	at org.apache.maven.surefire.junit4.JUnit4Provider.executeWithRerun(JUnit4Provider.java:240)
	at org.apache.maven.surefire.junit4.JUnit4Provider.executeTestSet(JUnit4Provider.java:214)
	at org.apache.maven.surefire.junit4.JUnit4Provider.invoke(JUnit4Provider.java:155)
	at org.apache.maven.surefire.booter.ForkedBooter.runSuitesInProcess(ForkedBooter.java:385)
	at org.apache.maven.surefire.booter.ForkedBooter.execute(ForkedBooter.java:162)
	at org.apache.maven.surefire.booter.ForkedBooter.run(ForkedBooter.java:507)
	at org.apache.maven.surefire.booter.ForkedBooter.main(ForkedBooter.java:495)
]]></failure>
    <system-out><![CDATA[

Resumen de errores en DependentCellsTest
The cell should contain the number: 1 -result of formula =A1+2-A2, when A1=1 and A2=2- with a margin of 0.00001. Instead, it contains the value NaN; expected:<1.0> but was:<NaN>
The cell should contain the number: 2 -result of formula =A1+2-A2, when A1=2 and A2=2- with a margin of 0.00001. Instead, it contains the value NaN; expected:<2.0> but was:<NaN>
The cell should contain the number: 0 -result of formula =A1+2-A2, when A1=2 and A2=4- with a margin of 0.00001. Instead, it contains the value NaN; expected:<0.0> but was:<NaN>
The cell should contain the number: 13 -result of formula =1+SUMA(A3;A4;A5), when A3=3, A4=4 , and A5=5- with a margin of 0.00001. Instead, it contains the value NaN; expected:<13.0> but was:<NaN>
The cell should contain the number: 14 -result of formula =1+SUMA(A3;A4;A5), when A3=4, A4=4 , and A5=5- with a margin of 0.00001. Instead, it contains the value NaN; expected:<14.0> but was:<NaN>
The cell should contain the number: 15 -result of formula =1+SUMA(A3;A4;A5), when A3=4, A4=5 , and A5=5- with a margin of 0.00001. Instead, it contains the value NaN; expected:<15.0> but was:<NaN>
The cell should contain the number: 42 -result of formula =2+SUMA(A6:A10), when A6=6, A7=7, A8=8, A9=9, and A10=10- with a margin of 0.00001. Instead, it contains the value NaN; expected:<42.0> but was:<NaN>
The cell should contain the number: 43 -result of formula =2+SUMA(A6:A10), when A6=7, A7=7, A8=8, A9=9, and A10=10- with a margin of 0.00001. Instead, it contains the value NaN; expected:<43.0> but was:<NaN>
The cell should contain the number: 44 -result of formula =2+SUMA(A6:A10), when A6=7, A7=8, A8=8, A9=9, and A10=10- with a margin of 0.00001. Instead, it contains the value NaN; expected:<44.0> but was:<NaN>

Checking that the program detects a direct circular dependency: 4.0
		The cell A2should contain the number: 6 -result of formula =A6+A7+A8, initialized to the values indicated in the constructor. Instead, it contains the value NaN; expected:<6.0> but was:<NaN>
		Puntos obtenidos: 4.0. Puntos acumulados: 4.0
]]></system-out>
  </testcase>
  <testcase name="test_02_IndirectCircularDependency" classname="edu.upc.etsetb.arqsoft.spreadsheet.marker.CircularDependenciesTest" time="0.003">
    <system-out><![CDATA[
Checking that the program properly detects an indirect circular dependency: 6.0
	A change is introduced in a cell that does not introduce a circular dependency

	Case 2: modifying a cell in such a way that it introduces an indirect circular dependency: 2.0999999999999996

	Case 3: modifying another cell in such a way that it introduces an indirect circular dependency: 2.0999999999999996
		Puntos obtenidos: 6.0. Puntos acumulados: 10.0
]]></system-out>
  </testcase>
  <testcase name="test_01_save" classname="edu.upc.etsetb.arqsoft.spreadsheet.marker.SaveTest" time="0.003">
    <failure message="G1 contained &apos;=(A5*4)/(A2+A2)+SUMA(1;2;3;4;5)&apos;, but the file contains &apos;MIN(A13:A20))&apos;; expected:&lt;[=(A5*4)/(A2+A2)+SUMA(1,2,3,4,5])&gt; but was:&lt;[MIN(A13:A20)])&gt;" type="java.lang.AssertionError"><![CDATA[java.lang.AssertionError: G1 contained '=(A5*4)/(A2+A2)+SUMA(1;2;3;4;5)', but the file contains 'MIN(A13:A20))'; expected:<[=(A5*4)/(A2+A2)+SUMA(1,2,3,4,5])> but was:<[MIN(A13:A20)])>
	at edu.upc.ac.corrector.SuperClassForTests.sAssertEquals(SuperClassForTests.java:212)
	at edu.upc.etsetb.arqsoft.spreadsheet.marker.SaveTest.checkRow1(SaveTest.java:217)
	at edu.upc.etsetb.arqsoft.spreadsheet.marker.SaveTest.checkS2VFileContents(SaveTest.java:156)
	at edu.upc.etsetb.arqsoft.spreadsheet.marker.SaveTest.test_01_save(SaveTest.java:108)
	at java.base/jdk.internal.reflect.DirectMethodHandleAccessor.invoke(DirectMethodHandleAccessor.java:103)
	at java.base/java.lang.reflect.Method.invoke(Method.java:580)
	at org.junit.runners.model.FrameworkMethod$1.runReflectiveCall(FrameworkMethod.java:50)
	at org.junit.internal.runners.model.ReflectiveCallable.run(ReflectiveCallable.java:12)
	at org.junit.runners.model.FrameworkMethod.invokeExplosively(FrameworkMethod.java:47)
	at org.junit.internal.runners.statements.InvokeMethod.evaluate(InvokeMethod.java:17)
	at org.junit.runners.ParentRunner.runLeaf(ParentRunner.java:325)
	at org.junit.runners.BlockJUnit4ClassRunner.runChild(BlockJUnit4ClassRunner.java:78)
	at org.junit.runners.BlockJUnit4ClassRunner.runChild(BlockJUnit4ClassRunner.java:57)
	at org.junit.runners.ParentRunner$3.run(ParentRunner.java:290)
	at org.junit.runners.ParentRunner$1.schedule(ParentRunner.java:71)
	at org.junit.runners.ParentRunner.runChildren(ParentRunner.java:288)
	at org.junit.runners.ParentRunner.access$000(ParentRunner.java:58)
	at org.junit.runners.ParentRunner$2.evaluate(ParentRunner.java:268)
	at org.junit.internal.runners.statements.RunBefores.evaluate(RunBefores.java:26)
	at org.junit.internal.runners.statements.RunAfters.evaluate(RunAfters.java:27)
	at org.junit.runners.ParentRunner.run(ParentRunner.java:363)
	at org.junit.runners.Suite.runChild(Suite.java:128)
	at org.junit.runners.Suite.runChild(Suite.java:27)
	at org.junit.runners.ParentRunner$3.run(ParentRunner.java:290)
	at org.junit.runners.ParentRunner$1.schedule(ParentRunner.java:71)
	at org.junit.runners.ParentRunner.runChildren(ParentRunner.java:288)
	at org.junit.runners.ParentRunner.access$000(ParentRunner.java:58)
	at org.junit.runners.ParentRunner$2.evaluate(ParentRunner.java:268)
	at org.junit.runners.ParentRunner.run(ParentRunner.java:363)
	at org.apache.maven.surefire.junit4.JUnit4Provider.execute(JUnit4Provider.java:316)
	at org.apache.maven.surefire.junit4.JUnit4Provider.executeWithRerun(JUnit4Provider.java:240)
	at org.apache.maven.surefire.junit4.JUnit4Provider.executeTestSet(JUnit4Provider.java:214)
	at org.apache.maven.surefire.junit4.JUnit4Provider.invoke(JUnit4Provider.java:155)
	at org.apache.maven.surefire.booter.ForkedBooter.runSuitesInProcess(ForkedBooter.java:385)
	at org.apache.maven.surefire.booter.ForkedBooter.execute(ForkedBooter.java:162)
	at org.apache.maven.surefire.booter.ForkedBooter.run(ForkedBooter.java:507)
	at org.apache.maven.surefire.booter.ForkedBooter.main(ForkedBooter.java:495)
]]></failure>
    <system-out><![CDATA[

Resumen de errores en CircularDependenciesTest
The cell A2should contain the number: 6 -result of formula =A6+A7+A8, initialized to the values indicated in the constructor. Instead, it contains the value NaN; expected:<6.0> but was:<NaN>

Testing save spreadsheet. Total value (over 10): 10.0

The spreadsheet shall be saved in file . marker_save_test.s2v10.0
	Testing the number of lines corresponding to non-empty rows of the spreadsheet
		Error detected in the sv2 file. The spreadsheet only contained non empty cells in the first 6 rows. However, the number of lines read are higher than 6, and some of the following rows there are cells that are not empty; 
		Puntos obtenidos: 0.0. Puntos acumulados: 0.0
	Checking line 1 of file
		A1 contained '1', but the file contains 'J1=(A5*4)/(A2+A2)+SUMA(A1'; expected:<[]1> but was:<[J1=(A5*4)/(A2+A2)+SUMA(A]1>
		B1 contained '=1+2', but the file contains 'A2'; expected:<[=1+]2> but was:<[A]2>
		C1 contained '=10/(2+3)', but the file contains '3'; expected:<[=10/(2+3)]> but was:<[3]>
		D1 contained '=A1*10-5', but the file contains '4'; expected:<[=A1*10-5]> but was:<[4]>
		E1 contained '=(A5*4)/(A2+A2)', but the file contains '5'; expected:<[=(A5*4)/(A2+A2)]> but was:<[5]>
		F1 contained '=100/(A5+(A5*A5/5))', but the file contains 'A6:A12'; expected:<[=100/(A5+(A5*A5/5))]> but was:<[A6:A12]>
		G1 contained '=(A5*4)/(A2+A2)+SUMA(1;2;3;4;5)', but the file contains 'MIN(A13:A20))'; expected:<[=(A5*4)/(A2+A2)+SUMA(1,2,3,4,5])> but was:<[MIN(A13:A20)])>
*** Se ha capturado una excepcin que probablemente ha sido lanzada por tu cdigo. Mira la traza para detectar en qu punto ha sido creada y lanzada...
		Puntos obtenidos: 0.0. Puntos acumulados: 0.0
]]></system-out>
    <system-err><![CDATA[java.lang.ArrayIndexOutOfBoundsException: Index 7 out of bounds for length 7
	at edu.upc.etsetb.arqsoft.spreadsheet.marker.SaveTest.checkRow1(SaveTest.java:223)
	at edu.upc.etsetb.arqsoft.spreadsheet.marker.SaveTest.checkS2VFileContents(SaveTest.java:156)
	at edu.upc.etsetb.arqsoft.spreadsheet.marker.SaveTest.test_01_save(SaveTest.java:108)
	at java.base/jdk.internal.reflect.DirectMethodHandleAccessor.invoke(DirectMethodHandleAccessor.java:103)
	at java.base/java.lang.reflect.Method.invoke(Method.java:580)
	at org.junit.runners.model.FrameworkMethod$1.runReflectiveCall(FrameworkMethod.java:50)
	at org.junit.internal.runners.model.ReflectiveCallable.run(ReflectiveCallable.java:12)
	at org.junit.runners.model.FrameworkMethod.invokeExplosively(FrameworkMethod.java:47)
	at org.junit.internal.runners.statements.InvokeMethod.evaluate(InvokeMethod.java:17)
	at org.junit.runners.ParentRunner.runLeaf(ParentRunner.java:325)
	at org.junit.runners.BlockJUnit4ClassRunner.runChild(BlockJUnit4ClassRunner.java:78)
	at org.junit.runners.BlockJUnit4ClassRunner.runChild(BlockJUnit4ClassRunner.java:57)
	at org.junit.runners.ParentRunner$3.run(ParentRunner.java:290)
	at org.junit.runners.ParentRunner$1.schedule(ParentRunner.java:71)
	at org.junit.runners.ParentRunner.runChildren(ParentRunner.java:288)
	at org.junit.runners.ParentRunner.access$000(ParentRunner.java:58)
	at org.junit.runners.ParentRunner$2.evaluate(ParentRunner.java:268)
	at org.junit.internal.runners.statements.RunBefores.evaluate(RunBefores.java:26)
	at org.junit.internal.runners.statements.RunAfters.evaluate(RunAfters.java:27)
	at org.junit.runners.ParentRunner.run(ParentRunner.java:363)
	at org.junit.runners.Suite.runChild(Suite.java:128)
	at org.junit.runners.Suite.runChild(Suite.java:27)
	at org.junit.runners.ParentRunner$3.run(ParentRunner.java:290)
	at org.junit.runners.ParentRunner$1.schedule(ParentRunner.java:71)
	at org.junit.runners.ParentRunner.runChildren(ParentRunner.java:288)
	at org.junit.runners.ParentRunner.access$000(ParentRunner.java:58)
	at org.junit.runners.ParentRunner$2.evaluate(ParentRunner.java:268)
	at org.junit.runners.ParentRunner.run(ParentRunner.java:363)
	at org.apache.maven.surefire.junit4.JUnit4Provider.execute(JUnit4Provider.java:316)
	at org.apache.maven.surefire.junit4.JUnit4Provider.executeWithRerun(JUnit4Provider.java:240)
	at org.apache.maven.surefire.junit4.JUnit4Provider.executeTestSet(JUnit4Provider.java:214)
	at org.apache.maven.surefire.junit4.JUnit4Provider.invoke(JUnit4Provider.java:155)
	at org.apache.maven.surefire.booter.ForkedBooter.runSuitesInProcess(ForkedBooter.java:385)
	at org.apache.maven.surefire.booter.ForkedBooter.execute(ForkedBooter.java:162)
	at org.apache.maven.surefire.booter.ForkedBooter.run(ForkedBooter.java:507)
	at org.apache.maven.surefire.booter.ForkedBooter.main(ForkedBooter.java:495)
]]></system-err>
  </testcase>
  <testcase name="test_01_read" classname="edu.upc.etsetb.arqsoft.spreadsheet.marker.LoadTest" time="0.01">
    <system-out><![CDATA[

Resumen de errores en SaveTest
Error detected in the sv2 file. The spreadsheet only contained non empty cells in the first 6 rows. However, the number of lines read are higher than 6, and some of the following rows there are cells that are not empty; 
A1 contained '1', but the file contains 'J1=(A5*4)/(A2+A2)+SUMA(A1'; expected:<[]1> but was:<[J1=(A5*4)/(A2+A2)+SUMA(A]1>
B1 contained '=1+2', but the file contains 'A2'; expected:<[=1+]2> but was:<[A]2>
C1 contained '=10/(2+3)', but the file contains '3'; expected:<[=10/(2+3)]> but was:<[3]>
D1 contained '=A1*10-5', but the file contains '4'; expected:<[=A1*10-5]> but was:<[4]>
E1 contained '=(A5*4)/(A2+A2)', but the file contains '5'; expected:<[=(A5*4)/(A2+A2)]> but was:<[5]>
F1 contained '=100/(A5+(A5*A5/5))', but the file contains 'A6:A12'; expected:<[=100/(A5+(A5*A5/5))]> but was:<[A6:A12]>
G1 contained '=(A5*4)/(A2+A2)+SUMA(1;2;3;4;5)', but the file contains 'MIN(A13:A20))'; expected:<[=(A5*4)/(A2+A2)+SUMA(1,2,3,4,5])> but was:<[MIN(A13:A20)])>

Testing load spreadsheet. Total value (over 10): 10.0

The spreadsheet shall be loaded from file . marker_save_test_ref.s2v10.0
	Checking A1:
		Error. The content of cell A1 should be 1.0, instead it is NaN; expected:<1.0> but was:<NaN>
	Checking B1:
		Error. The content of cell B1 should be 1+2, instead it is ; expected:<[1+2]> but was:<[]>
	Checking C1:
		Error. The content of cell C1 should be 10/(2+3), instead it is ; expected:<[10/(2+3)]> but was:<[]>
	Checking D1:
		Error. The content of cell D1 should be A1*10-5, instead it is ; expected:<[A1*10-5]> but was:<[]>
	Checking E1:
		Error. The content of cell E1 should be (A5*4)/(A2+A2), instead it is ; expected:<[(A5*4)/(A2+A2)]> but was:<[]>
	Checking F1:
		Error. The content of cell F1 should be 100/(A5+(A5*A5/5)), instead it is ; expected:<[100/(A5+(A5*A5/5))]> but was:<[]>
	Checking G1:
		Error. The content of cell G1 should be (A5*4)/(A2+A2)+SUMA(1;2;3;4;5), instead it is ; expected:<[(A5*4)/(A2+A2)+SUMA(1;2;3;4;5)]> but was:<[]>
	Checking H1:
		Error. The content of cell H1 should be (A5*4)/(A2+A2)+SUMA(A1;A2;3;4;5), instead it is ; expected:<[(A5*4)/(A2+A2)+SUMA(A1;A2;3;4;5)]> but was:<[]>
	Checking I1:
		Error. The content of cell I1 should be (A5*4)/(A2+A2)+SUMA(A1;A2;3;4;5;A6:A12), instead it is ; expected:<[(A5*4)/(A2+A2)+SUMA(A1;A2;3;4;5;A6:A12)]> but was:<[]>
	Checking J1:
		Error. The content of cell J1 should be (A5*4)/(A2+A2)+SUMA(A1;A2;3;4;5;A6:A12;MIN(A13:A20)), instead it is ; expected:<[(A5*4)/(A2+A2)+SUMA(A1;A2;3;4;5;A6:A12;MIN(A13:A20))]> but was:<[]>
	Checking K1:
	Checking A2:
		Error. The content of cell A2 should be 2.0, instead it is NaN; expected:<2.0> but was:<NaN>
	Checking B2:
		Error. The content of cell B2 should be 10.0, instead it is NaN; expected:<10.0> but was:<NaN>
	Checking C2:
	Checking D2:
	Checking E2:
	Checking F2:
	Checking G2:
	Checking H2:
	Checking I2:
	Checking J2:
	Checking K2:
	Checking A3:
		Error. The content of cell A3 should be 3.0, instead it is NaN; expected:<3.0> but was:<NaN>
	Checking B3:
	Checking C3:
		Error. The content of cell C3 should be 30.0, instead it is NaN; expected:<30.0> but was:<NaN>
	Checking D3:
	Checking E3:
	Checking F3:
	Checking G3:
	Checking H3:
	Checking I3:
	Checking J3:
	Checking K3:
	Checking A4:
		Error. The content of cell A4 should be 4.0, instead it is NaN; expected:<4.0> but was:<NaN>
	Checking B4:
	Checking C4:
	Checking D4:
		Error. The content of cell D4 should be 8.0, instead it is NaN; expected:<8.0> but was:<NaN>
	Checking E4:
	Checking F4:
	Checking G4:
	Checking H4:
	Checking I4:
	Checking J4:
	Checking K4:
	Checking A5:
		Error. The content of cell A5 should be 5.0, instead it is NaN; expected:<5.0> but was:<NaN>
	Checking B5:
	Checking C5:
	Checking D5:
	Checking E5:
		Error. The content of cell E5 should be 20.0, instead it is NaN; expected:<20.0> but was:<NaN>
	Checking F5:
	Checking G5:
	Checking H5:
	Checking I5:
	Checking J5:
	Checking K5:
	Checking A6:
		Error. The content of cell A6 should be 6.0, instead it is NaN; expected:<6.0> but was:<NaN>
	Checking B6:
	Checking C6:
	Checking D6:
	Checking E6:
	Checking F6:
		Error. The content of cell F6 should be 40.0, instead it is NaN; expected:<40.0> but was:<NaN>
	Checking G6:
	Checking H6:
	Checking I6:
	Checking J6:
	Checking K6:
	Checking A7:
	Checking B7:
	Checking C7:
	Checking D7:
	Checking E7:
	Checking F7:
	Checking G7:
	Checking H7:
	Checking I7:
	Checking J7:
	Checking K7:
		Puntos obtenidos: 7.403. Puntos acumulados: 7.403
]]></system-out>
  </testcase>
</testsuite>