<?xml version="1.0" encoding="UTF-8"?>
<testsuite xmlns:xsi="http://www.w3.org/2001/XMLSchema-instance" xsi:noNamespaceSchemaLocation="https://maven.apache.org/surefire/maven-surefire-plugin/xsd/surefire-test-report-3.0.xsd" version="3.0" name="edu.upc.etsetb.arqsoft.spreadsheet.marker.SaveTest" time="0.012" tests="1" errors="0" skipped="0" failures="1">
  <properties>
[...]
</properties>
  <testcase name="test_01_save" classname="edu.upc.etsetb.arqsoft.spreadsheet.marker.SaveTest" time="0.003">
    <failure message="G1 contained &apos;=(A5*4)/(A2+A2)+SUMA(1;2;3;4;5)&apos;, but the file contains &apos;MIN(A13:A20))&apos;; expected:&lt;[=(A5*4)/(A2+A2)+SUMA(1,2,3,4,5])&gt; but was:&lt;[MIN(A13:A20)])&gt;" type="java.lang.AssertionError"><![CDATA[java.lang.AssertionError: G1 contained '=(A5*4)/(A2+A2)+SUMA(1;2;3;4;5)', but the file contains 'MIN(A13:A20))'; expected:<[=(A5*4)/(A2+A2)+SUMA(1,2,3,4,5])> but was:<[MIN(A13:A20)])>
	at edu.upc.ac.corrector.SuperClassForTests.sAssertEquals(SuperClassForTests.java:212)
	at edu.upc.etsetb.arqsoft.spreadsheet.marker.SaveTest.checkRow1(SaveTest.java:217)
	at edu.upc.etsetb.arqsoft.spreadsheet.marker.SaveTest.checkS2VFileContents(SaveTest.java:156)
	at edu.upc.etsetb.arqsoft.spreadsheet.marker.SaveTest.test_01_save(SaveTest.java:108)
	at java.base/jdk.internal.reflect.DirectMethodHandleAccessor.invoke(DirectMethodHandleAccessor.java:103)
	at java.base/java.lang.reflect.Method.invoke(Method.java:580)
	at org.junit.runners.model.FrameworkMethod$1.runReflectiveCall(FrameworkMethod.java:50)
	at org.junit.internal.runners.model.ReflectiveCallable.run(ReflectiveCallable.java:12)
	at org.junit.runners.model.FrameworkMethod.invokeExplosively(FrameworkMethod.java:47)
	at org.junit.internal.runners.statements.InvokeMethod.evaluate(InvokeMethod.java:17)
	at org.junit.runners.ParentRunner.runLeaf(ParentRunner.java:325)
	at org.junit.runners.BlockJUnit4ClassRunner.runChild(BlockJUnit4ClassRunner.java:78)
	at org.junit.runners.BlockJUnit4ClassRunner.runChild(BlockJUnit4ClassRunner.java:57)
	at org.junit.runners.ParentRunner$3.run(ParentRunner.java:290)
	at org.junit.runners.ParentRunner$1.schedule(ParentRunner.java:71)
	at org.junit.runners.ParentRunner.runChildren(ParentRunner.java:288)
	at org.junit.runners.ParentRunner.access$000(ParentRunner.java:58)
	at org.junit.runners.ParentRunner$2.evaluate(ParentRunner.java:268)
	at org.junit.internal.runners.statements.RunBefores.evaluate(RunBefores.java:26)
	at org.junit.internal.runners.statements.RunAfters.evaluate(RunAfters.java:27)
	at org.junit.runners.ParentRunner.run(ParentRunner.java:363)
	at org.apache.maven.surefire.junit4.JUnit4Provider.execute(JUnit4Provider.java:316)
	at org.apache.maven.surefire.junit4.JUnit4Provider.executeWithRerun(JUnit4Provider.java:240)
	at org.apache.maven.surefire.junit4.JUnit4Provider.executeTestSet(JUnit4Provider.java:214)
	at org.apache.maven.surefire.junit4.JUnit4Provider.invoke(JUnit4Provider.java:155)
	at org.apache.maven.surefire.booter.ForkedBooter.runSuitesInProcess(ForkedBooter.java:385)
	at org.apache.maven.surefire.booter.ForkedBooter.execute(ForkedBooter.java:162)
	at org.apache.maven.surefire.booter.ForkedBooter.run(ForkedBooter.java:507)
	at org.apache.maven.surefire.booter.ForkedBooter.main(ForkedBooter.java:495)
]]></failure>
    <system-out><![CDATA[
Testing save spreadsheet. Total value (over 10): 10.0

The spreadsheet shall be saved in file . marker_save_test.s2v10.0
	Testing the number of lines corresponding to non-empty rows of the spreadsheet
		Error detected in the sv2 file. The spreadsheet only contained non empty cells in the first 6 rows. However, the number of lines read are higher than 6, and some of the following rows there are cells that are not empty; 
		Puntos obtenidos: 0.0. Puntos acumulados: 0.0
	Checking line 1 of file
		A1 contained '1', but the file contains 'J1=(A5*4)/(A2+A2)+SUMA(A1'; expected:<[]1> but was:<[J1=(A5*4)/(A2+A2)+SUMA(A]1>
		B1 contained '=1+2', but the file contains 'A2'; expected:<[=1+]2> but was:<[A]2>
		C1 contained '=10/(2+3)', but the file contains '3'; expected:<[=10/(2+3)]> but was:<[3]>
		D1 contained '=A1*10-5', but the file contains '4'; expected:<[=A1*10-5]> but was:<[4]>
		E1 contained '=(A5*4)/(A2+A2)', but the file contains '5'; expected:<[=(A5*4)/(A2+A2)]> but was:<[5]>
		F1 contained '=100/(A5+(A5*A5/5))', but the file contains 'A6:A12'; expected:<[=100/(A5+(A5*A5/5))]> but was:<[A6:A12]>
		G1 contained '=(A5*4)/(A2+A2)+SUMA(1;2;3;4;5)', but the file contains 'MIN(A13:A20))'; expected:<[=(A5*4)/(A2+A2)+SUMA(1,2,3,4,5])> but was:<[MIN(A13:A20)])>
*** Se ha capturado una excepción que probablemente ha sido lanzada por tu código. Mira la traza para detectar en qué punto ha sido creada y lanzada...
		Puntos obtenidos: 0.0. Puntos acumulados: 0.0
]]></system-out>
    <system-err><![CDATA[java.lang.ArrayIndexOutOfBoundsException: Index 7 out of bounds for length 7
	at edu.upc.etsetb.arqsoft.spreadsheet.marker.SaveTest.checkRow1(SaveTest.java:223)
	at edu.upc.etsetb.arqsoft.spreadsheet.marker.SaveTest.checkS2VFileContents(SaveTest.java:156)
	at edu.upc.etsetb.arqsoft.spreadsheet.marker.SaveTest.test_01_save(SaveTest.java:108)
	at java.base/jdk.internal.reflect.DirectMethodHandleAccessor.invoke(DirectMethodHandleAccessor.java:103)
	at java.base/java.lang.reflect.Method.invoke(Method.java:580)
	at org.junit.runners.model.FrameworkMethod$1.runReflectiveCall(FrameworkMethod.java:50)
	at org.junit.internal.runners.model.ReflectiveCallable.run(ReflectiveCallable.java:12)
	at org.junit.runners.model.FrameworkMethod.invokeExplosively(FrameworkMethod.java:47)
	at org.junit.internal.runners.statements.InvokeMethod.evaluate(InvokeMethod.java:17)
	at org.junit.runners.ParentRunner.runLeaf(ParentRunner.java:325)
	at org.junit.runners.BlockJUnit4ClassRunner.runChild(BlockJUnit4ClassRunner.java:78)
	at org.junit.runners.BlockJUnit4ClassRunner.runChild(BlockJUnit4ClassRunner.java:57)
	at org.junit.runners.ParentRunner$3.run(ParentRunner.java:290)
	at org.junit.runners.ParentRunner$1.schedule(ParentRunner.java:71)
	at org.junit.runners.ParentRunner.runChildren(ParentRunner.java:288)
	at org.junit.runners.ParentRunner.access$000(ParentRunner.java:58)
	at org.junit.runners.ParentRunner$2.evaluate(ParentRunner.java:268)
	at org.junit.internal.runners.statements.RunBefores.evaluate(RunBefores.java:26)
	at org.junit.internal.runners.statements.RunAfters.evaluate(RunAfters.java:27)
	at org.junit.runners.ParentRunner.run(ParentRunner.java:363)
	at org.apache.maven.surefire.junit4.JUnit4Provider.execute(JUnit4Provider.java:316)
	at org.apache.maven.surefire.junit4.JUnit4Provider.executeWithRerun(JUnit4Provider.java:240)
	at org.apache.maven.surefire.junit4.JUnit4Provider.executeTestSet(JUnit4Provider.java:214)
	at org.apache.maven.surefire.junit4.JUnit4Provider.invoke(JUnit4Provider.java:155)
	at org.apache.maven.surefire.booter.ForkedBooter.runSuitesInProcess(ForkedBooter.java:385)
	at org.apache.maven.surefire.booter.ForkedBooter.execute(ForkedBooter.java:162)
	at org.apache.maven.surefire.booter.ForkedBooter.run(ForkedBooter.java:507)
	at org.apache.maven.surefire.booter.ForkedBooter.main(ForkedBooter.java:495)
]]></system-err>
  </testcase>
</testsuite>