<?xml version="1.0" encoding="UTF-8"?>
<testsuite xmlns:xsi="http://www.w3.org/2001/XMLSchema-instance" xsi:noNamespaceSchemaLocation="https://maven.apache.org/surefire/maven-surefire-plugin/xsd/surefire-test-report-3.0.xsd" version="3.0" name="edu.upc.etsetb.arqsoft.spreadsheet.marker.NumberContentTest" time="0.002" tests="1" errors="0" skipped="0" failures="0">
  <properties>
[...]
</properties>
  <testcase name="testSetCellContent_NumberContent" classname="edu.upc.etsetb.arqsoft.spreadsheet.marker.NumberContentTest" time="0.002">
    <system-out><![CDATA[
SpreadsheetControllerForChecker::testSetCellContent() with numerical content. Value: 10.0
		Puntos obtenidos: 10.0. Puntos acumulados: 10.0
]]></system-out>
  </testcase>
</testsuite>