<?xml version="1.0" encoding="UTF-8"?>
<testsuite xmlns:xsi="http://www.w3.org/2001/XMLSchema-instance" xsi:noNamespaceSchemaLocation="https://maven.apache.org/surefire/maven-surefire-plugin/xsd/surefire-test-report-3.0.xsd" version="3.0" name="edu.upc.etsetb.arqsoft.spreadsheet.marker.FormulaContentTest" time="1.191" tests="10" errors="0" skipped="0" failures="10">
  <properties>
[...]
</properties>
  <testcase name="test_01_SetCellContent_FormulaOnlyNumbers" classname="edu.upc.etsetb.arqsoft.spreadsheet.marker.FormulaContentTest" time="0.098">
    <failure message="The cell should contain the number: 2 with a margin of 0.00001. Instead, it contains the value NaN; expected:&lt;2.0&gt; but was:&lt;NaN&gt;" type="java.lang.AssertionError"><![CDATA[java.lang.AssertionError: The cell should contain the number: 2 with a margin of 0.00001. Instead, it contains the value NaN; expected:<2.0> but was:<NaN>
	at edu.upc.ac.corrector.SuperClassForTests.sAssertEquals(SuperClassForTests.java:186)
	at edu.upc.etsetb.arqsoft.spreadsheet.marker.FormulaContentTest.test_01_SetCellContent_FormulaOnlyNumbers(FormulaContentTest.java:152)
	at java.base/jdk.internal.reflect.DirectMethodHandleAccessor.invoke(DirectMethodHandleAccessor.java:103)
	at java.base/java.lang.reflect.Method.invoke(Method.java:580)
	at org.junit.runners.model.FrameworkMethod$1.runReflectiveCall(FrameworkMethod.java:50)
	at org.junit.internal.runners.model.ReflectiveCallable.run(ReflectiveCallable.java:12)
	at org.junit.runners.model.FrameworkMethod.invokeExplosively(FrameworkMethod.java:47)
	at org.junit.internal.runners.statements.InvokeMethod.evaluate(InvokeMethod.java:17)
	at org.junit.runners.ParentRunner.runLeaf(ParentRunner.java:325)
	at org.junit.runners.BlockJUnit4ClassRunner.runChild(BlockJUnit4ClassRunner.java:78)
	at org.junit.runners.BlockJUnit4ClassRunner.runChild(BlockJUnit4ClassRunner.java:57)
	at org.junit.runners.ParentRunner$3.run(ParentRunner.java:290)
	at org.junit.runners.ParentRunner$1.schedule(ParentRunner.java:71)
	at org.junit.runners.ParentRunner.runChildren(ParentRunner.java:288)
	at org.junit.runners.ParentRunner.access$000(ParentRunner.java:58)
	at org.junit.runners.ParentRunner$2.evaluate(ParentRunner.java:268)
	at org.junit.internal.runners.statements.RunBefores.evaluate(RunBefores.java:26)
	at org.junit.internal.runners.statements.RunAfters.evaluate(RunAfters.java:27)
	at org.junit.runners.ParentRunner.run(ParentRunner.java:363)
	at org.apache.maven.surefire.junit4.JUnit4Provider.execute(JUnit4Provider.java:316)
	at org.apache.maven.surefire.junit4.JUnit4Provider.executeWithRerun(JUnit4Provider.java:240)
	at org.apache.maven.surefire.junit4.JUnit4Provider.executeTestSet(JUnit4Provider.java:214)
	at org.apache.maven.surefire.junit4.JUnit4Provider.invoke(JUnit4Provider.java:155)
	at org.apache.maven.surefire.booter.ForkedBooter.runSuitesInProcess(ForkedBooter.java:385)
	at org.apache.maven.surefire.booter.ForkedBooter.execute(ForkedBooter.java:162)
	at org.apache.maven.surefire.booter.ForkedBooter.run(ForkedBooter.java:507)
	at org.apache.maven.surefire.booter.ForkedBooter.main(ForkedBooter.java:495)
]]></failure>
    <system-out><![CDATA[
Setting a formula with only numbers as operands in a cell. Total value (over 10): 0.465116279069767

	Case 1: a sum of two numbers. Value: 0.11627906976744175
		The cell should contain the number: 3 -result of formula =1+2- with a margin of 0.00001. Instead, it contains the value NaN; expected:<3.0> but was:<NaN>

	Case 2: a substraction of two numbers. Value: 0.11627906976744175
		The cell should contain the number: -2 with a margin of 0.00001. Instead, it contains the value NaN; expected:<-2.0> but was:<NaN>

	Case 3: a multiplication of two numbers. Value: 0.11627906976744175
		The cell should contain the number: 6 with a margin of 0.00001. Instead, it contains the value NaN; expected:<6.0> but was:<NaN>

	Case 4: a division of two numbers. Value: 0.11627906976744175
		The cell should contain the number: 2 with a margin of 0.00001. Instead, it contains the value NaN; expected:<2.0> but was:<NaN>
		Puntos obtenidos: 0.0. Puntos acumulados: 0.0
]]></system-out>
  </testcase>
  <testcase name="test_02_SetCellContent_FormulaNumbersAndOneLevelOfParenthesis" classname="edu.upc.etsetb.arqsoft.spreadsheet.marker.FormulaContentTest" time="0.006">
    <failure message="The cell should contain the number 2 -result of formula 10/(2+3)- with a margin of 0.00001. Instead, it contains the value NaN; expected:&lt;2.0&gt; but was:&lt;NaN&gt;" type="java.lang.AssertionError"><![CDATA[java.lang.AssertionError: The cell should contain the number 2 -result of formula 10/(2+3)- with a margin of 0.00001. Instead, it contains the value NaN; expected:<2.0> but was:<NaN>
	at edu.upc.ac.corrector.SuperClassForTests.sAssertEquals(SuperClassForTests.java:186)
	at edu.upc.etsetb.arqsoft.spreadsheet.marker.FormulaContentTest.test_02_SetCellContent_FormulaNumbersAndOneLevelOfParenthesis(FormulaContentTest.java:188)
	at java.base/jdk.internal.reflect.DirectMethodHandleAccessor.invoke(DirectMethodHandleAccessor.java:103)
	at java.base/java.lang.reflect.Method.invoke(Method.java:580)
	at org.junit.runners.model.FrameworkMethod$1.runReflectiveCall(FrameworkMethod.java:50)
	at org.junit.internal.runners.model.ReflectiveCallable.run(ReflectiveCallable.java:12)
	at org.junit.runners.model.FrameworkMethod.invokeExplosively(FrameworkMethod.java:47)
	at org.junit.internal.runners.statements.InvokeMethod.evaluate(InvokeMethod.java:17)
	at org.junit.runners.ParentRunner.runLeaf(ParentRunner.java:325)
	at org.junit.runners.BlockJUnit4ClassRunner.runChild(BlockJUnit4ClassRunner.java:78)
	at org.junit.runners.BlockJUnit4ClassRunner.runChild(BlockJUnit4ClassRunner.java:57)
	at org.junit.runners.ParentRunner$3.run(ParentRunner.java:290)
	at org.junit.runners.ParentRunner$1.schedule(ParentRunner.java:71)
	at org.junit.runners.ParentRunner.runChildren(ParentRunner.java:288)
	at org.junit.runners.ParentRunner.access$000(ParentRunner.java:58)
	at org.junit.runners.ParentRunner$2.evaluate(ParentRunner.java:268)
	at org.junit.internal.runners.statements.RunBefores.evaluate(RunBefores.java:26)
	at org.junit.internal.runners.statements.RunAfters.evaluate(RunAfters.java:27)
	at org.junit.runners.ParentRunner.run(ParentRunner.java:363)
	at org.apache.maven.surefire.junit4.JUnit4Provider.execute(JUnit4Provider.java:316)
	at org.apache.maven.surefire.junit4.JUnit4Provider.executeWithRerun(JUnit4Provider.java:240)
	at org.apache.maven.surefire.junit4.JUnit4Provider.executeTestSet(JUnit4Provider.java:214)
	at org.apache.maven.surefire.junit4.JUnit4Provider.invoke(JUnit4Provider.java:155)
	at org.apache.maven.surefire.booter.ForkedBooter.runSuitesInProcess(ForkedBooter.java:385)
	at org.apache.maven.surefire.booter.ForkedBooter.execute(ForkedBooter.java:162)
	at org.apache.maven.surefire.booter.ForkedBooter.run(ForkedBooter.java:507)
	at org.apache.maven.surefire.booter.ForkedBooter.main(ForkedBooter.java:495)
]]></failure>
    <system-out><![CDATA[
Setting a formula with only numbers and one level of parenthesis in a cell
		The cell should contain the number 2 -result of formula 10/(2+3)- with a margin of 0.00001. Instead, it contains the value NaN; expected:<2.0> but was:<NaN>
		Puntos obtenidos: 0.0. Puntos acumulados: 0.0
]]></system-out>
  </testcase>
  <testcase name="test_03_SetCellContent_FormulaNumbersAndTwoLevelsOfParenthesis" classname="edu.upc.etsetb.arqsoft.spreadsheet.marker.FormulaContentTest" time="0.406">
    <failure message="The cell should contain the number 10 -result of formula 100/(5+(25/5))- with a margin of 0.00001. Instead, it contains the value NaN; expected:&lt;10.0&gt; but was:&lt;NaN&gt;" type="java.lang.AssertionError"><![CDATA[java.lang.AssertionError: The cell should contain the number 10 -result of formula 100/(5+(25/5))- with a margin of 0.00001. Instead, it contains the value NaN; expected:<10.0> but was:<NaN>
	at edu.upc.ac.corrector.SuperClassForTests.sAssertEquals(SuperClassForTests.java:186)
	at edu.upc.etsetb.arqsoft.spreadsheet.marker.FormulaContentTest.test_03_SetCellContent_FormulaNumbersAndTwoLevelsOfParenthesis(FormulaContentTest.java:223)
	at java.base/jdk.internal.reflect.DirectMethodHandleAccessor.invoke(DirectMethodHandleAccessor.java:103)
	at java.base/java.lang.reflect.Method.invoke(Method.java:580)
	at org.junit.runners.model.FrameworkMethod$1.runReflectiveCall(FrameworkMethod.java:50)
	at org.junit.internal.runners.model.ReflectiveCallable.run(ReflectiveCallable.java:12)
	at org.junit.runners.model.FrameworkMethod.invokeExplosively(FrameworkMethod.java:47)
	at org.junit.internal.runners.statements.InvokeMethod.evaluate(InvokeMethod.java:17)
	at org.junit.runners.ParentRunner.runLeaf(ParentRunner.java:325)
	at org.junit.runners.BlockJUnit4ClassRunner.runChild(BlockJUnit4ClassRunner.java:78)
	at org.junit.runners.BlockJUnit4ClassRunner.runChild(BlockJUnit4ClassRunner.java:57)
	at org.junit.runners.ParentRunner$3.run(ParentRunner.java:290)
	at org.junit.runners.ParentRunner$1.schedule(ParentRunner.java:71)
	at org.junit.runners.ParentRunner.runChildren(ParentRunner.java:288)
	at org.junit.runners.ParentRunner.access$000(ParentRunner.java:58)
	at org.junit.runners.ParentRunner$2.evaluate(ParentRunner.java:268)
	at org.junit.internal.runners.statements.RunBefores.evaluate(RunBefores.java:26)
	at org.junit.internal.runners.statements.RunAfters.evaluate(RunAfters.java:27)
	at org.junit.runners.ParentRunner.run(ParentRunner.java:363)
	at org.apache.maven.surefire.junit4.JUnit4Provider.execute(JUnit4Provider.java:316)
	at org.apache.maven.surefire.junit4.JUnit4Provider.executeWithRerun(JUnit4Provider.java:240)
	at org.apache.maven.surefire.junit4.JUnit4Provider.executeTestSet(JUnit4Provider.java:214)
	at org.apache.maven.surefire.junit4.JUnit4Provider.invoke(JUnit4Provider.java:155)
	at org.apache.maven.surefire.booter.ForkedBooter.runSuitesInProcess(ForkedBooter.java:385)
	at org.apache.maven.surefire.booter.ForkedBooter.execute(ForkedBooter.java:162)
	at org.apache.maven.surefire.booter.ForkedBooter.run(ForkedBooter.java:507)
	at org.apache.maven.surefire.booter.ForkedBooter.main(ForkedBooter.java:495)
]]></failure>
    <system-out><![CDATA[
Setting a formula with only numbers and two levels of parenthesis in a cell
		The cell should contain the number 10 -result of formula 100/(5+(25/5))- with a margin of 0.00001. Instead, it contains the value NaN; expected:<10.0> but was:<NaN>
		Puntos obtenidos: 0.0. Puntos acumulados: 0.0
]]></system-out>
  </testcase>
  <testcase name="test_04_SetCellContent_FormulaNumbersCellsRefs" classname="edu.upc.etsetb.arqsoft.spreadsheet.marker.FormulaContentTest" time="0.004">
    <failure message="The cell should contain the number 5 -result of formula A1*10-5 - with a margin of 0.00001. Instead, it contains the value NaN; expected:&lt;5.0&gt; but was:&lt;NaN&gt;" type="java.lang.AssertionError"><![CDATA[java.lang.AssertionError: The cell should contain the number 5 -result of formula A1*10-5 - with a margin of 0.00001. Instead, it contains the value NaN; expected:<5.0> but was:<NaN>
	at edu.upc.ac.corrector.SuperClassForTests.sAssertEquals(SuperClassForTests.java:186)
	at edu.upc.etsetb.arqsoft.spreadsheet.marker.FormulaContentTest.test_04_SetCellContent_FormulaNumbersCellsRefs(FormulaContentTest.java:258)
	at java.base/jdk.internal.reflect.DirectMethodHandleAccessor.invoke(DirectMethodHandleAccessor.java:103)
	at java.base/java.lang.reflect.Method.invoke(Method.java:580)
	at org.junit.runners.model.FrameworkMethod$1.runReflectiveCall(FrameworkMethod.java:50)
	at org.junit.internal.runners.model.ReflectiveCallable.run(ReflectiveCallable.java:12)
	at org.junit.runners.model.FrameworkMethod.invokeExplosively(FrameworkMethod.java:47)
	at org.junit.internal.runners.statements.InvokeMethod.evaluate(InvokeMethod.java:17)
	at org.junit.runners.ParentRunner.runLeaf(ParentRunner.java:325)
	at org.junit.runners.BlockJUnit4ClassRunner.runChild(BlockJUnit4ClassRunner.java:78)
	at org.junit.runners.BlockJUnit4ClassRunner.runChild(BlockJUnit4ClassRunner.java:57)
	at org.junit.runners.ParentRunner$3.run(ParentRunner.java:290)
	at org.junit.runners.ParentRunner$1.schedule(ParentRunner.java:71)
	at org.junit.runners.ParentRunner.runChildren(ParentRunner.java:288)
	at org.junit.runners.ParentRunner.access$000(ParentRunner.java:58)
	at org.junit.runners.ParentRunner$2.evaluate(ParentRunner.java:268)
	at org.junit.internal.runners.statements.RunBefores.evaluate(RunBefores.java:26)
	at org.junit.internal.runners.statements.RunAfters.evaluate(RunAfters.java:27)
	at org.junit.runners.ParentRunner.run(ParentRunner.java:363)
	at org.apache.maven.surefire.junit4.JUnit4Provider.execute(JUnit4Provider.java:316)
	at org.apache.maven.surefire.junit4.JUnit4Provider.executeWithRerun(JUnit4Provider.java:240)
	at org.apache.maven.surefire.junit4.JUnit4Provider.executeTestSet(JUnit4Provider.java:214)
	at org.apache.maven.surefire.junit4.JUnit4Provider.invoke(JUnit4Provider.java:155)
	at org.apache.maven.surefire.booter.ForkedBooter.runSuitesInProcess(ForkedBooter.java:385)
	at org.apache.maven.surefire.booter.ForkedBooter.execute(ForkedBooter.java:162)
	at org.apache.maven.surefire.booter.ForkedBooter.run(ForkedBooter.java:507)
	at org.apache.maven.surefire.booter.ForkedBooter.main(ForkedBooter.java:495)
]]></failure>
    <system-out><![CDATA[
Setting a formula with numbers and references to cells as operands
		The cell should contain the number 5 -result of formula A1*10-5 - with a margin of 0.00001. Instead, it contains the value NaN; expected:<5.0> but was:<NaN>
		Puntos obtenidos: 0.0. Puntos acumulados: 0.0
]]></system-out>
  </testcase>
  <testcase name="test_05_SetCellContent_FormulaNumbersCellsRefsOneLevelParenthesis" classname="edu.upc.etsetb.arqsoft.spreadsheet.marker.FormulaContentTest" time="0.002">
    <failure message="The cell should contain the number 5 -result of formula =(A5*4)/(A2+A2)- with a margin of 0.00001. Instead, it contains the value NaN; expected:&lt;5.0&gt; but was:&lt;NaN&gt;" type="java.lang.AssertionError"><![CDATA[java.lang.AssertionError: The cell should contain the number 5 -result of formula =(A5*4)/(A2+A2)- with a margin of 0.00001. Instead, it contains the value NaN; expected:<5.0> but was:<NaN>
	at edu.upc.ac.corrector.SuperClassForTests.sAssertEquals(SuperClassForTests.java:186)
	at edu.upc.etsetb.arqsoft.spreadsheet.marker.FormulaContentTest.test_05_SetCellContent_FormulaNumbersCellsRefsOneLevelParenthesis(FormulaContentTest.java:293)
	at java.base/jdk.internal.reflect.DirectMethodHandleAccessor.invoke(DirectMethodHandleAccessor.java:103)
	at java.base/java.lang.reflect.Method.invoke(Method.java:580)
	at org.junit.runners.model.FrameworkMethod$1.runReflectiveCall(FrameworkMethod.java:50)
	at org.junit.internal.runners.model.ReflectiveCallable.run(ReflectiveCallable.java:12)
	at org.junit.runners.model.FrameworkMethod.invokeExplosively(FrameworkMethod.java:47)
	at org.junit.internal.runners.statements.InvokeMethod.evaluate(InvokeMethod.java:17)
	at org.junit.runners.ParentRunner.runLeaf(ParentRunner.java:325)
	at org.junit.runners.BlockJUnit4ClassRunner.runChild(BlockJUnit4ClassRunner.java:78)
	at org.junit.runners.BlockJUnit4ClassRunner.runChild(BlockJUnit4ClassRunner.java:57)
	at org.junit.runners.ParentRunner$3.run(ParentRunner.java:290)
	at org.junit.runners.ParentRunner$1.schedule(ParentRunner.java:71)
	at org.junit.runners.ParentRunner.runChildren(ParentRunner.java:288)
	at org.junit.runners.ParentRunner.access$000(ParentRunner.java:58)
	at org.junit.runners.ParentRunner$2.evaluate(ParentRunner.java:268)
	at org.junit.internal.runners.statements.RunBefores.evaluate(RunBefores.java:26)
	at org.junit.internal.runners.statements.RunAfters.evaluate(RunAfters.java:27)
	at org.junit.runners.ParentRunner.run(ParentRunner.java:363)
	at org.apache.maven.surefire.junit4.JUnit4Provider.execute(JUnit4Provider.java:316)
	at org.apache.maven.surefire.junit4.JUnit4Provider.executeWithRerun(JUnit4Provider.java:240)
	at org.apache.maven.surefire.junit4.JUnit4Provider.executeTestSet(JUnit4Provider.java:214)
	at org.apache.maven.surefire.junit4.JUnit4Provider.invoke(JUnit4Provider.java:155)
	at org.apache.maven.surefire.booter.ForkedBooter.runSuitesInProcess(ForkedBooter.java:385)
	at org.apache.maven.surefire.booter.ForkedBooter.execute(ForkedBooter.java:162)
	at org.apache.maven.surefire.booter.ForkedBooter.run(ForkedBooter.java:507)
	at org.apache.maven.surefire.booter.ForkedBooter.main(ForkedBooter.java:495)
]]></failure>
    <system-out><![CDATA[
Setting a formula with numbers, references to cells, and one level of parenthesis
		The cell should contain the number 5 -result of formula =(A5*4)/(A2+A2)- with a margin of 0.00001. Instead, it contains the value NaN; expected:<5.0> but was:<NaN>
		Puntos obtenidos: 0.0. Puntos acumulados: 0.0
]]></system-out>
  </testcase>
  <testcase name="test_06_SetCellContent_FormulaNumbersCellsRefsTwoLevelsParenthesis" classname="edu.upc.etsetb.arqsoft.spreadsheet.marker.FormulaContentTest" time="0.003">
    <failure message="The cell should contain the number 10 -result of formula =100/(A5+(A5*A5/5))- with a margin of 0.00001. Instead, it contains the value NaN; expected:&lt;10.0&gt; but was:&lt;NaN&gt;" type="java.lang.AssertionError"><![CDATA[java.lang.AssertionError: The cell should contain the number 10 -result of formula =100/(A5+(A5*A5/5))- with a margin of 0.00001. Instead, it contains the value NaN; expected:<10.0> but was:<NaN>
	at edu.upc.ac.corrector.SuperClassForTests.sAssertEquals(SuperClassForTests.java:186)
	at edu.upc.etsetb.arqsoft.spreadsheet.marker.FormulaContentTest.test_06_SetCellContent_FormulaNumbersCellsRefsTwoLevelsParenthesis(FormulaContentTest.java:328)
	at java.base/jdk.internal.reflect.DirectMethodHandleAccessor.invoke(DirectMethodHandleAccessor.java:103)
	at java.base/java.lang.reflect.Method.invoke(Method.java:580)
	at org.junit.runners.model.FrameworkMethod$1.runReflectiveCall(FrameworkMethod.java:50)
	at org.junit.internal.runners.model.ReflectiveCallable.run(ReflectiveCallable.java:12)
	at org.junit.runners.model.FrameworkMethod.invokeExplosively(FrameworkMethod.java:47)
	at org.junit.internal.runners.statements.InvokeMethod.evaluate(InvokeMethod.java:17)
	at org.junit.runners.ParentRunner.runLeaf(ParentRunner.java:325)
	at org.junit.runners.BlockJUnit4ClassRunner.runChild(BlockJUnit4ClassRunner.java:78)
	at org.junit.runners.BlockJUnit4ClassRunner.runChild(BlockJUnit4ClassRunner.java:57)
	at org.junit.runners.ParentRunner$3.run(ParentRunner.java:290)
	at org.junit.runners.ParentRunner$1.schedule(ParentRunner.java:71)
	at org.junit.runners.ParentRunner.runChildren(ParentRunner.java:288)
	at org.junit.runners.ParentRunner.access$000(ParentRunner.java:58)
	at org.junit.runners.ParentRunner$2.evaluate(ParentRunner.java:268)
	at org.junit.internal.runners.statements.RunBefores.evaluate(RunBefores.java:26)
	at org.junit.internal.runners.statements.RunAfters.evaluate(RunAfters.java:27)
	at org.junit.runners.ParentRunner.run(ParentRunner.java:363)
	at org.apache.maven.surefire.junit4.JUnit4Provider.execute(JUnit4Provider.java:316)
	at org.apache.maven.surefire.junit4.JUnit4Provider.executeWithRerun(JUnit4Provider.java:240)
	at org.apache.maven.surefire.junit4.JUnit4Provider.executeTestSet(JUnit4Provider.java:214)
	at org.apache.maven.surefire.junit4.JUnit4Provider.invoke(JUnit4Provider.java:155)
	at org.apache.maven.surefire.booter.ForkedBooter.runSuitesInProcess(ForkedBooter.java:385)
	at org.apache.maven.surefire.booter.ForkedBooter.execute(ForkedBooter.java:162)
	at org.apache.maven.surefire.booter.ForkedBooter.run(ForkedBooter.java:507)
	at org.apache.maven.surefire.booter.ForkedBooter.main(ForkedBooter.java:495)
]]></failure>
    <system-out><![CDATA[
Setting a formula with numbers, references to cells, and one level of parenthesis
		The cell should contain the number 10 -result of formula =100/(A5+(A5*A5/5))- with a margin of 0.00001. Instead, it contains the value NaN; expected:<10.0> but was:<NaN>
		Puntos obtenidos: 0.0. Puntos acumulados: 0.0
]]></system-out>
  </testcase>
  <testcase name="test_07_SetCellContent_FormulaNumbersCellsRefsFunctionsNumbArgs" classname="edu.upc.etsetb.arqsoft.spreadsheet.marker.FormulaContentTest" time="0.002">
    <failure message="The cell should contain the number 20 -result of formula =(A5*4)/(A2+A2)+SUMA(1;2;3;4;5)- with a margin of 0.00001. Instead, it contains the value NaN; expected:&lt;20.0&gt; but was:&lt;NaN&gt;" type="java.lang.AssertionError"><![CDATA[java.lang.AssertionError: The cell should contain the number 20 -result of formula =(A5*4)/(A2+A2)+SUMA(1;2;3;4;5)- with a margin of 0.00001. Instead, it contains the value NaN; expected:<20.0> but was:<NaN>
	at edu.upc.ac.corrector.SuperClassForTests.sAssertEquals(SuperClassForTests.java:186)
	at edu.upc.etsetb.arqsoft.spreadsheet.marker.FormulaContentTest.test_07_SetCellContent_FormulaNumbersCellsRefsFunctionsNumbArgs(FormulaContentTest.java:363)
	at java.base/jdk.internal.reflect.DirectMethodHandleAccessor.invoke(DirectMethodHandleAccessor.java:103)
	at java.base/java.lang.reflect.Method.invoke(Method.java:580)
	at org.junit.runners.model.FrameworkMethod$1.runReflectiveCall(FrameworkMethod.java:50)
	at org.junit.internal.runners.model.ReflectiveCallable.run(ReflectiveCallable.java:12)
	at org.junit.runners.model.FrameworkMethod.invokeExplosively(FrameworkMethod.java:47)
	at org.junit.internal.runners.statements.InvokeMethod.evaluate(InvokeMethod.java:17)
	at org.junit.runners.ParentRunner.runLeaf(ParentRunner.java:325)
	at org.junit.runners.BlockJUnit4ClassRunner.runChild(BlockJUnit4ClassRunner.java:78)
	at org.junit.runners.BlockJUnit4ClassRunner.runChild(BlockJUnit4ClassRunner.java:57)
	at org.junit.runners.ParentRunner$3.run(ParentRunner.java:290)
	at org.junit.runners.ParentRunner$1.schedule(ParentRunner.java:71)
	at org.junit.runners.ParentRunner.runChildren(ParentRunner.java:288)
	at org.junit.runners.ParentRunner.access$000(ParentRunner.java:58)
	at org.junit.runners.ParentRunner$2.evaluate(ParentRunner.java:268)
	at org.junit.internal.runners.statements.RunBefores.evaluate(RunBefores.java:26)
	at org.junit.internal.runners.statements.RunAfters.evaluate(RunAfters.java:27)
	at org.junit.runners.ParentRunner.run(ParentRunner.java:363)
	at org.apache.maven.surefire.junit4.JUnit4Provider.execute(JUnit4Provider.java:316)
	at org.apache.maven.surefire.junit4.JUnit4Provider.executeWithRerun(JUnit4Provider.java:240)
	at org.apache.maven.surefire.junit4.JUnit4Provider.executeTestSet(JUnit4Provider.java:214)
	at org.apache.maven.surefire.junit4.JUnit4Provider.invoke(JUnit4Provider.java:155)
	at org.apache.maven.surefire.booter.ForkedBooter.runSuitesInProcess(ForkedBooter.java:385)
	at org.apache.maven.surefire.booter.ForkedBooter.execute(ForkedBooter.java:162)
	at org.apache.maven.surefire.booter.ForkedBooter.run(ForkedBooter.java:507)
	at org.apache.maven.surefire.booter.ForkedBooter.main(ForkedBooter.java:495)
]]></failure>
    <system-out><![CDATA[
Setting a formula with numbers, references to cells, and functions that have only numbers as args
		The cell should contain the number 20 -result of formula =(A5*4)/(A2+A2)+SUMA(1;2;3;4;5)- with a margin of 0.00001. Instead, it contains the value NaN; expected:<20.0> but was:<NaN>
		Puntos obtenidos: 0.0. Puntos acumulados: 0.0
]]></system-out>
  </testcase>
  <testcase name="test_08_SetCellContent_FormulaNumbersCellsRefsFunctionsNumbCellRefsArgs" classname="edu.upc.etsetb.arqsoft.spreadsheet.marker.FormulaContentTest" time="0.191">
    <failure message="The cell should contain the number 20 -result of formula =(A5*4)/(A2+A2)+SUMA(A1;A2;3;4;5)- with a margin of 0.00001. Instead, it contains the value NaN; expected:&lt;20.0&gt; but was:&lt;NaN&gt;" type="java.lang.AssertionError"><![CDATA[java.lang.AssertionError: The cell should contain the number 20 -result of formula =(A5*4)/(A2+A2)+SUMA(A1;A2;3;4;5)- with a margin of 0.00001. Instead, it contains the value NaN; expected:<20.0> but was:<NaN>
	at edu.upc.ac.corrector.SuperClassForTests.sAssertEquals(SuperClassForTests.java:186)
	at edu.upc.etsetb.arqsoft.spreadsheet.marker.FormulaContentTest.test_08_SetCellContent_FormulaNumbersCellsRefsFunctionsNumbCellRefsArgs(FormulaContentTest.java:399)
	at java.base/jdk.internal.reflect.DirectMethodHandleAccessor.invoke(DirectMethodHandleAccessor.java:103)
	at java.base/java.lang.reflect.Method.invoke(Method.java:580)
	at org.junit.runners.model.FrameworkMethod$1.runReflectiveCall(FrameworkMethod.java:50)
	at org.junit.internal.runners.model.ReflectiveCallable.run(ReflectiveCallable.java:12)
	at org.junit.runners.model.FrameworkMethod.invokeExplosively(FrameworkMethod.java:47)
	at org.junit.internal.runners.statements.InvokeMethod.evaluate(InvokeMethod.java:17)
	at org.junit.runners.ParentRunner.runLeaf(ParentRunner.java:325)
	at org.junit.runners.BlockJUnit4ClassRunner.runChild(BlockJUnit4ClassRunner.java:78)
	at org.junit.runners.BlockJUnit4ClassRunner.runChild(BlockJUnit4ClassRunner.java:57)
	at org.junit.runners.ParentRunner$3.run(ParentRunner.java:290)
	at org.junit.runners.ParentRunner$1.schedule(ParentRunner.java:71)
	at org.junit.runners.ParentRunner.runChildren(ParentRunner.java:288)
	at org.junit.runners.ParentRunner.access$000(ParentRunner.java:58)
	at org.junit.runners.ParentRunner$2.evaluate(ParentRunner.java:268)
	at org.junit.internal.runners.statements.RunBefores.evaluate(RunBefores.java:26)
	at org.junit.internal.runners.statements.RunAfters.evaluate(RunAfters.java:27)
	at org.junit.runners.ParentRunner.run(ParentRunner.java:363)
	at org.apache.maven.surefire.junit4.JUnit4Provider.execute(JUnit4Provider.java:316)
	at org.apache.maven.surefire.junit4.JUnit4Provider.executeWithRerun(JUnit4Provider.java:240)
	at org.apache.maven.surefire.junit4.JUnit4Provider.executeTestSet(JUnit4Provider.java:214)
	at org.apache.maven.surefire.junit4.JUnit4Provider.invoke(JUnit4Provider.java:155)
	at org.apache.maven.surefire.booter.ForkedBooter.runSuitesInProcess(ForkedBooter.java:385)
	at org.apache.maven.surefire.booter.ForkedBooter.execute(ForkedBooter.java:162)
	at org.apache.maven.surefire.booter.ForkedBooter.run(ForkedBooter.java:507)
	at org.apache.maven.surefire.booter.ForkedBooter.main(ForkedBooter.java:495)
]]></failure>
    <system-out><![CDATA[
Setting a formula with numbers, references to cells, and functions that have numbers and references to cells as args
		The cell should contain the number 20 -result of formula =(A5*4)/(A2+A2)+SUMA(A1;A2;3;4;5)- with a margin of 0.00001. Instead, it contains the value NaN; expected:<20.0> but was:<NaN>
		Puntos obtenidos: 0.0. Puntos acumulados: 0.0
]]></system-out>
  </testcase>
  <testcase name="test_09_SetCellContent_FormulaNumbersCellsRefsFunctionsNumbCellRefsRangesArgs" classname="edu.upc.etsetb.arqsoft.spreadsheet.marker.FormulaContentTest" time="0.011">
    <failure message="The cell should contain the number 83 -result of formula =(A5*4)/(A2+A2)+SUMA(A1;A2;3;4;5;A6:A12)- with a margin of 0.00001. Instead, it contains the value NaN; expected:&lt;83.0&gt; but was:&lt;NaN&gt;" type="java.lang.AssertionError"><![CDATA[java.lang.AssertionError: The cell should contain the number 83 -result of formula =(A5*4)/(A2+A2)+SUMA(A1;A2;3;4;5;A6:A12)- with a margin of 0.00001. Instead, it contains the value NaN; expected:<83.0> but was:<NaN>
	at edu.upc.ac.corrector.SuperClassForTests.sAssertEquals(SuperClassForTests.java:186)
	at edu.upc.etsetb.arqsoft.spreadsheet.marker.FormulaContentTest.test_09_SetCellContent_FormulaNumbersCellsRefsFunctionsNumbCellRefsRangesArgs(FormulaContentTest.java:436)
	at java.base/jdk.internal.reflect.DirectMethodHandleAccessor.invoke(DirectMethodHandleAccessor.java:103)
	at java.base/java.lang.reflect.Method.invoke(Method.java:580)
	at org.junit.runners.model.FrameworkMethod$1.runReflectiveCall(FrameworkMethod.java:50)
	at org.junit.internal.runners.model.ReflectiveCallable.run(ReflectiveCallable.java:12)
	at org.junit.runners.model.FrameworkMethod.invokeExplosively(FrameworkMethod.java:47)
	at org.junit.internal.runners.statements.InvokeMethod.evaluate(InvokeMethod.java:17)
	at org.junit.runners.ParentRunner.runLeaf(ParentRunner.java:325)
	at org.junit.runners.BlockJUnit4ClassRunner.runChild(BlockJUnit4ClassRunner.java:78)
	at org.junit.runners.BlockJUnit4ClassRunner.runChild(BlockJUnit4ClassRunner.java:57)
	at org.junit.runners.ParentRunner$3.run(ParentRunner.java:290)
	at org.junit.runners.ParentRunner$1.schedule(ParentRunner.java:71)
	at org.junit.runners.ParentRunner.runChildren(ParentRunner.java:288)
	at org.junit.runners.ParentRunner.access$000(ParentRunner.java:58)
	at org.junit.runners.ParentRunner$2.evaluate(ParentRunner.java:268)
	at org.junit.internal.runners.statements.RunBefores.evaluate(RunBefores.java:26)
	at org.junit.internal.runners.statements.RunAfters.evaluate(RunAfters.java:27)
	at org.junit.runners.ParentRunner.run(ParentRunner.java:363)
	at org.apache.maven.surefire.junit4.JUnit4Provider.execute(JUnit4Provider.java:316)
	at org.apache.maven.surefire.junit4.JUnit4Provider.executeWithRerun(JUnit4Provider.java:240)
	at org.apache.maven.surefire.junit4.JUnit4Provider.executeTestSet(JUnit4Provider.java:214)
	at org.apache.maven.surefire.junit4.JUnit4Provider.invoke(JUnit4Provider.java:155)
	at org.apache.maven.surefire.booter.ForkedBooter.runSuitesInProcess(ForkedBooter.java:385)
	at org.apache.maven.surefire.booter.ForkedBooter.execute(ForkedBooter.java:162)
	at org.apache.maven.surefire.booter.ForkedBooter.run(ForkedBooter.java:507)
	at org.apache.maven.surefire.booter.ForkedBooter.main(ForkedBooter.java:495)
]]></failure>
    <system-out><![CDATA[
Setting a formula with numbers, references to cells, and functions that have numbers,references to cells, and ranges as args
		The cell should contain the number 83 -result of formula =(A5*4)/(A2+A2)+SUMA(A1;A2;3;4;5;A6:A12)- with a margin of 0.00001. Instead, it contains the value NaN; expected:<83.0> but was:<NaN>
		Puntos obtenidos: 0.0. Puntos acumulados: 0.0
]]></system-out>
  </testcase>
  <testcase name="test_10_SetCellContent_FormulaNumbersCellsRefsFunctionsNumbCellRefsRangesFuncsArgs" classname="edu.upc.etsetb.arqsoft.spreadsheet.marker.FormulaContentTest" time="0.002">
    <failure message="The cell should contain the number 96 -result of formula =(A5*4)/(A2+A2)+SUMA(A1;A2;3;4;5;A6:A12;MIN(A13:A20))- with a margin of 0.00001. Instead, it contains the value NaN; expected:&lt;96.0&gt; but was:&lt;NaN&gt;" type="java.lang.AssertionError"><![CDATA[java.lang.AssertionError: The cell should contain the number 96 -result of formula =(A5*4)/(A2+A2)+SUMA(A1;A2;3;4;5;A6:A12;MIN(A13:A20))- with a margin of 0.00001. Instead, it contains the value NaN; expected:<96.0> but was:<NaN>
	at edu.upc.ac.corrector.SuperClassForTests.sAssertEquals(SuperClassForTests.java:186)
	at edu.upc.etsetb.arqsoft.spreadsheet.marker.FormulaContentTest.test_10_SetCellContent_FormulaNumbersCellsRefsFunctionsNumbCellRefsRangesFuncsArgs(FormulaContentTest.java:473)
	at java.base/jdk.internal.reflect.DirectMethodHandleAccessor.invoke(DirectMethodHandleAccessor.java:103)
	at java.base/java.lang.reflect.Method.invoke(Method.java:580)
	at org.junit.runners.model.FrameworkMethod$1.runReflectiveCall(FrameworkMethod.java:50)
	at org.junit.internal.runners.model.ReflectiveCallable.run(ReflectiveCallable.java:12)
	at org.junit.runners.model.FrameworkMethod.invokeExplosively(FrameworkMethod.java:47)
	at org.junit.internal.runners.statements.InvokeMethod.evaluate(InvokeMethod.java:17)
	at org.junit.runners.ParentRunner.runLeaf(ParentRunner.java:325)
	at org.junit.runners.BlockJUnit4ClassRunner.runChild(BlockJUnit4ClassRunner.java:78)
	at org.junit.runners.BlockJUnit4ClassRunner.runChild(BlockJUnit4ClassRunner.java:57)
	at org.junit.runners.ParentRunner$3.run(ParentRunner.java:290)
	at org.junit.runners.ParentRunner$1.schedule(ParentRunner.java:71)
	at org.junit.runners.ParentRunner.runChildren(ParentRunner.java:288)
	at org.junit.runners.ParentRunner.access$000(ParentRunner.java:58)
	at org.junit.runners.ParentRunner$2.evaluate(ParentRunner.java:268)
	at org.junit.internal.runners.statements.RunBefores.evaluate(RunBefores.java:26)
	at org.junit.internal.runners.statements.RunAfters.evaluate(RunAfters.java:27)
	at org.junit.runners.ParentRunner.run(ParentRunner.java:363)
	at org.apache.maven.surefire.junit4.JUnit4Provider.execute(JUnit4Provider.java:316)
	at org.apache.maven.surefire.junit4.JUnit4Provider.executeWithRerun(JUnit4Provider.java:240)
	at org.apache.maven.surefire.junit4.JUnit4Provider.executeTestSet(JUnit4Provider.java:214)
	at org.apache.maven.surefire.junit4.JUnit4Provider.invoke(JUnit4Provider.java:155)
	at org.apache.maven.surefire.booter.ForkedBooter.runSuitesInProcess(ForkedBooter.java:385)
	at org.apache.maven.surefire.booter.ForkedBooter.execute(ForkedBooter.java:162)
	at org.apache.maven.surefire.booter.ForkedBooter.run(ForkedBooter.java:507)
	at org.apache.maven.surefire.booter.ForkedBooter.main(ForkedBooter.java:495)
]]></failure>
    <system-out><![CDATA[
Setting a formula with numbers, references to cells, and functions that have numbers,references to cells, ranges, and other functions as args
		The cell should contain the number 96 -result of formula =(A5*4)/(A2+A2)+SUMA(A1;A2;3;4;5;A6:A12;MIN(A13:A20))- with a margin of 0.00001. Instead, it contains the value NaN; expected:<96.0> but was:<NaN>
		Puntos obtenidos: 0.0. Puntos acumulados: 0.0
]]></system-out>
  </testcase>
</testsuite>