<?xml version="1.0" encoding="UTF-8"?>
<testsuite xmlns:xsi="http://www.w3.org/2001/XMLSchema-instance" xsi:noNamespaceSchemaLocation="https://maven.apache.org/surefire/maven-surefire-plugin/xsd/surefire-test-report-3.0.xsd" version="3.0" name="edu.upc.etsetb.arqsoft.spreadsheet.marker.CircularDependenciesTest" time="0.018" tests="2" errors="0" skipped="0" failures="1">
  <properties>
[...]
</properties>
  <testcase name="test_01_DirectCircularDependency" classname="edu.upc.etsetb.arqsoft.spreadsheet.marker.CircularDependenciesTest" time="0.001">
    <failure message="The cell A2should contain the number: 6 -result of formula =A6+A7+A8, initialized to the values indicated in the constructor. Instead, it contains the value NaN; expected:&lt;6.0&gt; but was:&lt;NaN&gt;" type="java.lang.AssertionError"><![CDATA[java.lang.AssertionError: The cell A2should contain the number: 6 -result of formula =A6+A7+A8, initialized to the values indicated in the constructor. Instead, it contains the value NaN; expected:<6.0> but was:<NaN>
	at edu.upc.ac.corrector.SuperClassForTests.sAssertEquals(SuperClassForTests.java:186)
	at edu.upc.etsetb.arqsoft.spreadsheet.marker.CircularDependenciesTest.test_01_DirectCircularDependency(CircularDependenciesTest.java:112)
	at java.base/jdk.internal.reflect.DirectMethodHandleAccessor.invoke(DirectMethodHandleAccessor.java:103)
	at java.base/java.lang.reflect.Method.invoke(Method.java:580)
	at org.junit.runners.model.FrameworkMethod$1.runReflectiveCall(FrameworkMethod.java:50)
	at org.junit.internal.runners.model.ReflectiveCallable.run(ReflectiveCallable.java:12)
	at org.junit.runners.model.FrameworkMethod.invokeExplosively(FrameworkMethod.java:47)
	at org.junit.internal.runners.statements.InvokeMethod.evaluate(InvokeMethod.java:17)
	at org.junit.internal.runners.statements.RunBefores.evaluate(RunBefores.java:26)
	at org.junit.internal.runners.statements.RunAfters.evaluate(RunAfters.java:27)
	at org.junit.runners.ParentRunner.runLeaf(ParentRunner.java:325)
	at org.junit.runners.BlockJUnit4ClassRunner.runChild(BlockJUnit4ClassRunner.java:78)
	at org.junit.runners.BlockJUnit4ClassRunner.runChild(BlockJUnit4ClassRunner.java:57)
	at org.junit.runners.ParentRunner$3.run(ParentRunner.java:290)
	at org.junit.runners.ParentRunner$1.schedule(ParentRunner.java:71)
	at org.junit.runners.ParentRunner.runChildren(ParentRunner.java:288)
	at org.junit.runners.ParentRunner.access$000(ParentRunner.java:58)
	at org.junit.runners.ParentRunner$2.evaluate(ParentRunner.java:268)
	at org.junit.internal.runners.statements.RunBefores.evaluate(RunBefores.java:26)
	at org.junit.internal.runners.statements.RunAfters.evaluate(RunAfters.java:27)
	at org.junit.runners.ParentRunner.run(ParentRunner.java:363)
	at org.apache.maven.surefire.junit4.JUnit4Provider.execute(JUnit4Provider.java:316)
	at org.apache.maven.surefire.junit4.JUnit4Provider.executeWithRerun(JUnit4Provider.java:240)
	at org.apache.maven.surefire.junit4.JUnit4Provider.executeTestSet(JUnit4Provider.java:214)
	at org.apache.maven.surefire.junit4.JUnit4Provider.invoke(JUnit4Provider.java:155)
	at org.apache.maven.surefire.booter.ForkedBooter.runSuitesInProcess(ForkedBooter.java:385)
	at org.apache.maven.surefire.booter.ForkedBooter.execute(ForkedBooter.java:162)
	at org.apache.maven.surefire.booter.ForkedBooter.run(ForkedBooter.java:507)
	at org.apache.maven.surefire.booter.ForkedBooter.main(ForkedBooter.java:495)
]]></failure>
    <system-out><![CDATA[
Checking that the program detects a direct circular dependency: 4.0
		The cell A2should contain the number: 6 -result of formula =A6+A7+A8, initialized to the values indicated in the constructor. Instead, it contains the value NaN; expected:<6.0> but was:<NaN>
		Puntos obtenidos: 4.0. Puntos acumulados: 4.0
]]></system-out>
  </testcase>
  <testcase name="test_02_IndirectCircularDependency" classname="edu.upc.etsetb.arqsoft.spreadsheet.marker.CircularDependenciesTest" time="0.002">
    <system-out><![CDATA[
Checking that the program properly detects an indirect circular dependency: 6.0
	A change is introduced in a cell that does not introduce a circular dependency

	Case 2: modifying a cell in such a way that it introduces an indirect circular dependency: 2.0999999999999996

	Case 3: modifying another cell in such a way that it introduces an indirect circular dependency: 2.0999999999999996
		Puntos obtenidos: 6.0. Puntos acumulados: 10.0
]]></system-out>
  </testcase>
</testsuite>