<?xml version="1.0" encoding="UTF-8"?>
<testsuite xmlns:xsi="http://www.w3.org/2001/XMLSchema-instance" xsi:noNamespaceSchemaLocation="https://maven.apache.org/surefire/maven-surefire-plugin/xsd/surefire-test-report-3.0.xsd" version="3.0" name="edu.upc.etsetb.arqsoft.spreadsheet.marker.LoadTest" time="0.016" tests="1" errors="0" skipped="0" failures="0">
  <properties>
[...]
</properties>
  <testcase name="test_01_read" classname="edu.upc.etsetb.arqsoft.spreadsheet.marker.LoadTest" time="0.003">
    <system-out><![CDATA[
Testing load spreadsheet. Total value (over 10): 10.0

The spreadsheet shall be loaded from file . marker_save_test_ref.s2v10.0
	Checking A1:
		Error. The content of cell A1 should be 1.0, instead it is NaN; expected:<1.0> but was:<NaN>
	Checking B1:
		Error. The content of cell B1 should be 1+2, instead it is ; expected:<[1+2]> but was:<[]>
	Checking C1:
		Error. The content of cell C1 should be 10/(2+3), instead it is ; expected:<[10/(2+3)]> but was:<[]>
	Checking D1:
		Error. The content of cell D1 should be A1*10-5, instead it is ; expected:<[A1*10-5]> but was:<[]>
	Checking E1:
		Error. The content of cell E1 should be (A5*4)/(A2+A2), instead it is ; expected:<[(A5*4)/(A2+A2)]> but was:<[]>
	Checking F1:
		Error. The content of cell F1 should be 100/(A5+(A5*A5/5)), instead it is ; expected:<[100/(A5+(A5*A5/5))]> but was:<[]>
	Checking G1:
		Error. The content of cell G1 should be (A5*4)/(A2+A2)+SUMA(1;2;3;4;5), instead it is ; expected:<[(A5*4)/(A2+A2)+SUMA(1;2;3;4;5)]> but was:<[]>
	Checking H1:
		Error. The content of cell H1 should be (A5*4)/(A2+A2)+SUMA(A1;A2;3;4;5), instead it is ; expected:<[(A5*4)/(A2+A2)+SUMA(A1;A2;3;4;5)]> but was:<[]>
	Checking I1:
		Error. The content of cell I1 should be (A5*4)/(A2+A2)+SUMA(A1;A2;3;4;5;A6:A12), instead it is ; expected:<[(A5*4)/(A2+A2)+SUMA(A1;A2;3;4;5;A6:A12)]> but was:<[]>
	Checking J1:
		Error. The content of cell J1 should be (A5*4)/(A2+A2)+SUMA(A1;A2;3;4;5;A6:A12;MIN(A13:A20)), instead it is ; expected:<[(A5*4)/(A2+A2)+SUMA(A1;A2;3;4;5;A6:A12;MIN(A13:A20))]> but was:<[]>
	Checking K1:
	Checking A2:
		Error. The content of cell A2 should be 2.0, instead it is NaN; expected:<2.0> but was:<NaN>
	Checking B2:
		Error. The content of cell B2 should be 10.0, instead it is NaN; expected:<10.0> but was:<NaN>
	Checking C2:
	Checking D2:
	Checking E2:
	Checking F2:
	Checking G2:
	Checking H2:
	Checking I2:
	Checking J2:
	Checking K2:
	Checking A3:
		Error. The content of cell A3 should be 3.0, instead it is NaN; expected:<3.0> but was:<NaN>
	Checking B3:
	Checking C3:
		Error. The content of cell C3 should be 30.0, instead it is NaN; expected:<30.0> but was:<NaN>
	Checking D3:
	Checking E3:
	Checking F3:
	Checking G3:
	Checking H3:
	Checking I3:
	Checking J3:
	Checking K3:
	Checking A4:
		Error. The content of cell A4 should be 4.0, instead it is NaN; expected:<4.0> but was:<NaN>
	Checking B4:
	Checking C4:
	Checking D4:
		Error. The content of cell D4 should be 8.0, instead it is NaN; expected:<8.0> but was:<NaN>
	Checking E4:
	Checking F4:
	Checking G4:
	Checking H4:
	Checking I4:
	Checking J4:
	Checking K4:
	Checking A5:
		Error. The content of cell A5 should be 5.0, instead it is NaN; expected:<5.0> but was:<NaN>
	Checking B5:
	Checking C5:
	Checking D5:
	Checking E5:
		Error. The content of cell E5 should be 20.0, instead it is NaN; expected:<20.0> but was:<NaN>
	Checking F5:
	Checking G5:
	Checking H5:
	Checking I5:
	Checking J5:
	Checking K5:
	Checking A6:
		Error. The content of cell A6 should be 6.0, instead it is NaN; expected:<6.0> but was:<NaN>
	Checking B6:
	Checking C6:
	Checking D6:
	Checking E6:
	Checking F6:
		Error. The content of cell F6 should be 40.0, instead it is NaN; expected:<40.0> but was:<NaN>
	Checking G6:
	Checking H6:
	Checking I6:
	Checking J6:
	Checking K6:
	Checking A7:
	Checking B7:
	Checking C7:
	Checking D7:
	Checking E7:
	Checking F7:
	Checking G7:
	Checking H7:
	Checking I7:
	Checking J7:
	Checking K7:
		Puntos obtenidos: 7.403. Puntos acumulados: 7.403
]]></system-out>
  </testcase>
</testsuite>